

Started GET "/" for 127.0.0.1 at 2016-06-20 21:32:35 -0700

ActiveRecord::PendingMigrationError - Migrations are pending; run 'bin/rake db:migrate RAILS_ENV=development' to resolve this issue.:
  activerecord (4.0.2) lib/active_record/migration.rb:379:in `check_pending!'
  activerecord (4.0.2) lib/active_record/migration.rb:366:in `call'
  actionpack (4.0.2) lib/action_dispatch/middleware/callbacks.rb:29:in `block in call'
  activesupport (4.0.2) lib/active_support/callbacks.rb:373:in `_run__1207311034801254616__call__callbacks'
  activesupport (4.0.2) lib/active_support/callbacks.rb:80:in `run_callbacks'
  actionpack (4.0.2) lib/action_dispatch/middleware/callbacks.rb:27:in `call'
  actionpack (4.0.2) lib/action_dispatch/middleware/reloader.rb:64:in `call'
  actionpack (4.0.2) lib/action_dispatch/middleware/remote_ip.rb:76:in `call'
  better_errors (2.1.1) lib/better_errors/middleware.rb:84:in `protected_app_call'
  better_errors (2.1.1) lib/better_errors/middleware.rb:79:in `better_errors_call'
  better_errors (2.1.1) lib/better_errors/middleware.rb:57:in `call'
  actionpack (4.0.2) lib/action_dispatch/middleware/debug_exceptions.rb:17:in `call'
  actionpack (4.0.2) lib/action_dispatch/middleware/show_exceptions.rb:30:in `call'
  railties (4.0.2) lib/rails/rack/logger.rb:38:in `call_app'
  railties (4.0.2) lib/rails/rack/logger.rb:20:in `block in call'
  activesupport (4.0.2) lib/active_support/tagged_logging.rb:67:in `block in tagged'
  activesupport (4.0.2) lib/active_support/tagged_logging.rb:25:in `tagged'
  activesupport (4.0.2) lib/active_support/tagged_logging.rb:67:in `tagged'
  railties (4.0.2) lib/rails/rack/logger.rb:20:in `call'
  actionpack (4.0.2) lib/action_dispatch/middleware/request_id.rb:21:in `call'
  rack (1.5.5) lib/rack/methodoverride.rb:21:in `call'
  rack (1.5.5) lib/rack/runtime.rb:17:in `call'
  activesupport (4.0.2) lib/active_support/cache/strategy/local_cache.rb:83:in `call'
  rack (1.5.5) lib/rack/lock.rb:17:in `call'
  actionpack (4.0.2) lib/action_dispatch/middleware/static.rb:64:in `call'
  rack (1.5.5) lib/rack/sendfile.rb:112:in `call'
  railties (4.0.2) lib/rails/engine.rb:511:in `call'
  railties (4.0.2) lib/rails/application.rb:97:in `call'
  rack (1.5.5) lib/rack/lock.rb:17:in `call'
  rack (1.5.5) lib/rack/content_length.rb:14:in `call'
  rack (1.5.5) lib/rack/handler/webrick.rb:60:in `service'
  /home/wolfy858/.rbenv/versions/2.2.3/lib/ruby/2.2.0/webrick/httpserver.rb:138:in `service'
  /home/wolfy858/.rbenv/versions/2.2.3/lib/ruby/2.2.0/webrick/httpserver.rb:94:in `run'
  /home/wolfy858/.rbenv/versions/2.2.3/lib/ruby/2.2.0/webrick/server.rb:294:in `block in start_thread'



Started POST "/__better_errors/6495132df461950d/variables" for 127.0.0.1 at 2016-06-20 21:32:36 -0700
  [1m[36m (101.5ms)[0m  [1mCREATE TABLE "schema_migrations" ("version" varchar(255) NOT NULL) [0m
  [1m[35m (99.0ms)[0m  CREATE UNIQUE INDEX "unique_schema_migrations" ON "schema_migrations" ("version")
  [1m[36mActiveRecord::SchemaMigration Load (0.2ms)[0m  [1mSELECT "schema_migrations".* FROM "schema_migrations"[0m
Migrating to CreateUsers (20140427221221)
  [1m[35m (0.1ms)[0m  begin transaction
  [1m[36m (0.5ms)[0m  [1mCREATE TABLE "users" ("id" INTEGER PRIMARY KEY AUTOINCREMENT NOT NULL, "username" varchar(255) NOT NULL, "password" varchar(255) NOT NULL, "created_at" datetime, "updated_at" datetime) [0m
  [1m[35mSQL (0.3ms)[0m  INSERT INTO "schema_migrations" ("version") VALUES (?)  [["version", "20140427221221"]]
  [1m[36m (105.8ms)[0m  [1mcommit transaction[0m
Migrating to RemovePasswordsFromUsers (20140427232923)
  [1m[35m (0.2ms)[0m  begin transaction
  [1m[36m (1.0ms)[0m  [1mCREATE TEMPORARY TABLE "ausers" ("id" INTEGER PRIMARY KEY AUTOINCREMENT NOT NULL, "username" varchar(255) NOT NULL, "password" varchar(255) NOT NULL, "created_at" datetime, "updated_at" datetime) [0m
  [1m[35m (0.2ms)[0m  SELECT * FROM "users"
  [1m[36m (0.4ms)[0m  [1mDROP TABLE "users"[0m
  [1m[35m (0.4ms)[0m  CREATE TABLE "users" ("id" INTEGER PRIMARY KEY AUTOINCREMENT NOT NULL, "username" varchar(255) NOT NULL, "created_at" datetime, "updated_at" datetime) 
  [1m[36m (0.2ms)[0m  [1mSELECT * FROM "ausers"[0m
  [1m[35m (0.4ms)[0m  DROP TABLE "ausers"
  [1m[36m (0.4ms)[0m  [1mALTER TABLE "users" ADD "password_digest" varchar(255)[0m
  [1m[35m (0.6ms)[0m  CREATE TEMPORARY TABLE "ausers" ("id" INTEGER PRIMARY KEY AUTOINCREMENT NOT NULL, "username" varchar(255) NOT NULL, "created_at" datetime, "updated_at" datetime, "password_digest" varchar(255)) 
  [1m[36m (0.2ms)[0m  [1mSELECT * FROM "users"[0m
  [1m[35m (0.5ms)[0m  DROP TABLE "users"
  [1m[36m (0.7ms)[0m  [1mCREATE TABLE "users" ("id" INTEGER PRIMARY KEY AUTOINCREMENT NOT NULL, "username" varchar(255) NOT NULL, "created_at" datetime, "updated_at" datetime, "password_digest" varchar(255) NOT NULL) [0m
  [1m[35m (0.2ms)[0m  SELECT * FROM "ausers"
  [1m[36m (0.3ms)[0m  [1mDROP TABLE "ausers"[0m
  [1m[35mSQL (0.3ms)[0m  INSERT INTO "schema_migrations" ("version") VALUES (?)  [["version", "20140427232923"]]
  [1m[36m (130.5ms)[0m  [1mcommit transaction[0m
Migrating to AddSessionTokenToUsers (20140428004020)
  [1m[35m (0.1ms)[0m  begin transaction
  [1m[36m (0.6ms)[0m  [1mALTER TABLE "users" ADD "session_token" varchar(255)[0m
  [1m[35m (0.6ms)[0m  CREATE TEMPORARY TABLE "ausers" ("id" INTEGER PRIMARY KEY AUTOINCREMENT NOT NULL, "username" varchar(255) NOT NULL, "created_at" datetime, "updated_at" datetime, "password_digest" varchar(255) NOT NULL, "session_token" varchar(255)) 
  [1m[36m (0.2ms)[0m  [1mSELECT * FROM "users"[0m
  [1m[35m (0.4ms)[0m  DROP TABLE "users"
  [1m[36m (0.5ms)[0m  [1mCREATE TABLE "users" ("id" INTEGER PRIMARY KEY AUTOINCREMENT NOT NULL, "username" varchar(255) NOT NULL, "created_at" datetime, "updated_at" datetime, "password_digest" varchar(255) NOT NULL, "session_token" varchar(255) NOT NULL) [0m
  [1m[35m (0.1ms)[0m  SELECT * FROM "ausers"
  [1m[36m (0.2ms)[0m  [1mDROP TABLE "ausers"[0m
  [1m[35mSQL (0.3ms)[0m  INSERT INTO "schema_migrations" ("version") VALUES (?)  [["version", "20140428004020"]]
  [1m[36m (129.8ms)[0m  [1mcommit transaction[0m
Migrating to AddCounterToUsers (20140428042342)
  [1m[35m (0.3ms)[0m  begin transaction
  [1m[36m (0.9ms)[0m  [1mALTER TABLE "users" ADD "counter" integer DEFAULT 0[0m
  [1m[35mSQL (0.3ms)[0m  INSERT INTO "schema_migrations" ("version") VALUES (?)  [["version", "20140428042342"]]
  [1m[36m (133.2ms)[0m  [1mcommit transaction[0m
  [1m[35mActiveRecord::SchemaMigration Load (0.3ms)[0m  SELECT "schema_migrations".* FROM "schema_migrations"


Started GET "/" for 127.0.0.1 at 2016-06-20 21:33:01 -0700
  [1m[36mActiveRecord::SchemaMigration Load (0.6ms)[0m  [1mSELECT "schema_migrations".* FROM "schema_migrations"[0m
Processing by Rails::WelcomeController#index as HTML
  Rendered /home/wolfy858/.rbenv/versions/2.2.3/lib/ruby/gems/2.2.0/gems/railties-4.0.2/lib/rails/templates/rails/welcome/index.html.erb (6.6ms)
Completed 200 OK in 24ms (Views: 13.8ms | ActiveRecord: 0.0ms)


Started GET "/users" for 127.0.0.1 at 2016-06-20 21:33:07 -0700

ActionController::RoutingError (No route matches [GET] "/users"):
  actionpack (4.0.2) lib/action_dispatch/middleware/debug_exceptions.rb:21:in `call'
  actionpack (4.0.2) lib/action_dispatch/middleware/show_exceptions.rb:30:in `call'
  railties (4.0.2) lib/rails/rack/logger.rb:38:in `call_app'
  railties (4.0.2) lib/rails/rack/logger.rb:20:in `block in call'
  activesupport (4.0.2) lib/active_support/tagged_logging.rb:67:in `block in tagged'
  activesupport (4.0.2) lib/active_support/tagged_logging.rb:25:in `tagged'
  activesupport (4.0.2) lib/active_support/tagged_logging.rb:67:in `tagged'
  railties (4.0.2) lib/rails/rack/logger.rb:20:in `call'
  actionpack (4.0.2) lib/action_dispatch/middleware/request_id.rb:21:in `call'
  rack (1.5.5) lib/rack/methodoverride.rb:21:in `call'
  rack (1.5.5) lib/rack/runtime.rb:17:in `call'
  activesupport (4.0.2) lib/active_support/cache/strategy/local_cache.rb:83:in `call'
  rack (1.5.5) lib/rack/lock.rb:17:in `call'
  actionpack (4.0.2) lib/action_dispatch/middleware/static.rb:64:in `call'
  rack (1.5.5) lib/rack/sendfile.rb:112:in `call'
  railties (4.0.2) lib/rails/engine.rb:511:in `call'
  railties (4.0.2) lib/rails/application.rb:97:in `call'
  rack (1.5.5) lib/rack/lock.rb:17:in `call'
  rack (1.5.5) lib/rack/content_length.rb:14:in `call'
  rack (1.5.5) lib/rack/handler/webrick.rb:60:in `service'
  /home/wolfy858/.rbenv/versions/2.2.3/lib/ruby/2.2.0/webrick/httpserver.rb:138:in `service'
  /home/wolfy858/.rbenv/versions/2.2.3/lib/ruby/2.2.0/webrick/httpserver.rb:94:in `run'
  /home/wolfy858/.rbenv/versions/2.2.3/lib/ruby/2.2.0/webrick/server.rb:294:in `block in start_thread'


  Rendered /home/wolfy858/.rbenv/versions/2.2.3/lib/ruby/gems/2.2.0/gems/actionpack-4.0.2/lib/action_dispatch/middleware/templates/rescues/_trace.erb (1.8ms)
  Rendered /home/wolfy858/.rbenv/versions/2.2.3/lib/ruby/gems/2.2.0/gems/actionpack-4.0.2/lib/action_dispatch/middleware/templates/routes/_route.html.erb (2.0ms)
  Rendered /home/wolfy858/.rbenv/versions/2.2.3/lib/ruby/gems/2.2.0/gems/actionpack-4.0.2/lib/action_dispatch/middleware/templates/routes/_table.html.erb (6.4ms)
  Rendered /home/wolfy858/.rbenv/versions/2.2.3/lib/ruby/gems/2.2.0/gems/actionpack-4.0.2/lib/action_dispatch/middleware/templates/rescues/routing_error.erb within rescues/layout (36.5ms)


Started GET "/users" for 127.0.0.1 at 2016-06-20 21:33:08 -0700

ActionController::RoutingError (No route matches [GET] "/users"):
  actionpack (4.0.2) lib/action_dispatch/middleware/debug_exceptions.rb:21:in `call'
  actionpack (4.0.2) lib/action_dispatch/middleware/show_exceptions.rb:30:in `call'
  railties (4.0.2) lib/rails/rack/logger.rb:38:in `call_app'
  railties (4.0.2) lib/rails/rack/logger.rb:20:in `block in call'
  activesupport (4.0.2) lib/active_support/tagged_logging.rb:67:in `block in tagged'
  activesupport (4.0.2) lib/active_support/tagged_logging.rb:25:in `tagged'
  activesupport (4.0.2) lib/active_support/tagged_logging.rb:67:in `tagged'
  railties (4.0.2) lib/rails/rack/logger.rb:20:in `call'
  actionpack (4.0.2) lib/action_dispatch/middleware/request_id.rb:21:in `call'
  rack (1.5.5) lib/rack/methodoverride.rb:21:in `call'
  rack (1.5.5) lib/rack/runtime.rb:17:in `call'
  activesupport (4.0.2) lib/active_support/cache/strategy/local_cache.rb:83:in `call'
  rack (1.5.5) lib/rack/lock.rb:17:in `call'
  actionpack (4.0.2) lib/action_dispatch/middleware/static.rb:64:in `call'
  rack (1.5.5) lib/rack/sendfile.rb:112:in `call'
  railties (4.0.2) lib/rails/engine.rb:511:in `call'
  railties (4.0.2) lib/rails/application.rb:97:in `call'
  rack (1.5.5) lib/rack/lock.rb:17:in `call'
  rack (1.5.5) lib/rack/content_length.rb:14:in `call'
  rack (1.5.5) lib/rack/handler/webrick.rb:60:in `service'
  /home/wolfy858/.rbenv/versions/2.2.3/lib/ruby/2.2.0/webrick/httpserver.rb:138:in `service'
  /home/wolfy858/.rbenv/versions/2.2.3/lib/ruby/2.2.0/webrick/httpserver.rb:94:in `run'
  /home/wolfy858/.rbenv/versions/2.2.3/lib/ruby/2.2.0/webrick/server.rb:294:in `block in start_thread'


  Rendered /home/wolfy858/.rbenv/versions/2.2.3/lib/ruby/gems/2.2.0/gems/actionpack-4.0.2/lib/action_dispatch/middleware/templates/rescues/_trace.erb (1.1ms)
  Rendered /home/wolfy858/.rbenv/versions/2.2.3/lib/ruby/gems/2.2.0/gems/actionpack-4.0.2/lib/action_dispatch/middleware/templates/routes/_route.html.erb (1.1ms)
  Rendered /home/wolfy858/.rbenv/versions/2.2.3/lib/ruby/gems/2.2.0/gems/actionpack-4.0.2/lib/action_dispatch/middleware/templates/routes/_table.html.erb (1.1ms)
  Rendered /home/wolfy858/.rbenv/versions/2.2.3/lib/ruby/gems/2.2.0/gems/actionpack-4.0.2/lib/action_dispatch/middleware/templates/rescues/routing_error.erb within rescues/layout (15.7ms)


Started GET "/users/1" for 127.0.0.1 at 2016-06-20 21:34:32 -0700

ActionController::RoutingError (No route matches [GET] "/users/1"):
  actionpack (4.0.2) lib/action_dispatch/middleware/debug_exceptions.rb:21:in `call'
  actionpack (4.0.2) lib/action_dispatch/middleware/show_exceptions.rb:30:in `call'
  railties (4.0.2) lib/rails/rack/logger.rb:38:in `call_app'
  railties (4.0.2) lib/rails/rack/logger.rb:20:in `block in call'
  activesupport (4.0.2) lib/active_support/tagged_logging.rb:67:in `block in tagged'
  activesupport (4.0.2) lib/active_support/tagged_logging.rb:25:in `tagged'
  activesupport (4.0.2) lib/active_support/tagged_logging.rb:67:in `tagged'
  railties (4.0.2) lib/rails/rack/logger.rb:20:in `call'
  actionpack (4.0.2) lib/action_dispatch/middleware/request_id.rb:21:in `call'
  rack (1.5.5) lib/rack/methodoverride.rb:21:in `call'
  rack (1.5.5) lib/rack/runtime.rb:17:in `call'
  activesupport (4.0.2) lib/active_support/cache/strategy/local_cache.rb:83:in `call'
  rack (1.5.5) lib/rack/lock.rb:17:in `call'
  actionpack (4.0.2) lib/action_dispatch/middleware/static.rb:64:in `call'
  rack (1.5.5) lib/rack/sendfile.rb:112:in `call'
  railties (4.0.2) lib/rails/engine.rb:511:in `call'
  railties (4.0.2) lib/rails/application.rb:97:in `call'
  rack (1.5.5) lib/rack/lock.rb:17:in `call'
  rack (1.5.5) lib/rack/content_length.rb:14:in `call'
  rack (1.5.5) lib/rack/handler/webrick.rb:60:in `service'
  /home/wolfy858/.rbenv/versions/2.2.3/lib/ruby/2.2.0/webrick/httpserver.rb:138:in `service'
  /home/wolfy858/.rbenv/versions/2.2.3/lib/ruby/2.2.0/webrick/httpserver.rb:94:in `run'
  /home/wolfy858/.rbenv/versions/2.2.3/lib/ruby/2.2.0/webrick/server.rb:294:in `block in start_thread'


  Rendered /home/wolfy858/.rbenv/versions/2.2.3/lib/ruby/gems/2.2.0/gems/actionpack-4.0.2/lib/action_dispatch/middleware/templates/rescues/_trace.erb (1.6ms)
  Rendered /home/wolfy858/.rbenv/versions/2.2.3/lib/ruby/gems/2.2.0/gems/actionpack-4.0.2/lib/action_dispatch/middleware/templates/routes/_route.html.erb (1.7ms)
  Rendered /home/wolfy858/.rbenv/versions/2.2.3/lib/ruby/gems/2.2.0/gems/actionpack-4.0.2/lib/action_dispatch/middleware/templates/routes/_table.html.erb (1.7ms)
  Rendered /home/wolfy858/.rbenv/versions/2.2.3/lib/ruby/gems/2.2.0/gems/actionpack-4.0.2/lib/action_dispatch/middleware/templates/rescues/routing_error.erb within rescues/layout (21.0ms)


Started GET "/users" for 127.0.0.1 at 2016-06-20 21:34:43 -0700

ActionController::RoutingError (No route matches [GET] "/users"):
  actionpack (4.0.2) lib/action_dispatch/middleware/debug_exceptions.rb:21:in `call'
  actionpack (4.0.2) lib/action_dispatch/middleware/show_exceptions.rb:30:in `call'
  railties (4.0.2) lib/rails/rack/logger.rb:38:in `call_app'
  railties (4.0.2) lib/rails/rack/logger.rb:20:in `block in call'
  activesupport (4.0.2) lib/active_support/tagged_logging.rb:67:in `block in tagged'
  activesupport (4.0.2) lib/active_support/tagged_logging.rb:25:in `tagged'
  activesupport (4.0.2) lib/active_support/tagged_logging.rb:67:in `tagged'
  railties (4.0.2) lib/rails/rack/logger.rb:20:in `call'
  actionpack (4.0.2) lib/action_dispatch/middleware/request_id.rb:21:in `call'
  rack (1.5.5) lib/rack/methodoverride.rb:21:in `call'
  rack (1.5.5) lib/rack/runtime.rb:17:in `call'
  activesupport (4.0.2) lib/active_support/cache/strategy/local_cache.rb:83:in `call'
  rack (1.5.5) lib/rack/lock.rb:17:in `call'
  actionpack (4.0.2) lib/action_dispatch/middleware/static.rb:64:in `call'
  rack (1.5.5) lib/rack/sendfile.rb:112:in `call'
  railties (4.0.2) lib/rails/engine.rb:511:in `call'
  railties (4.0.2) lib/rails/application.rb:97:in `call'
  rack (1.5.5) lib/rack/lock.rb:17:in `call'
  rack (1.5.5) lib/rack/content_length.rb:14:in `call'
  rack (1.5.5) lib/rack/handler/webrick.rb:60:in `service'
  /home/wolfy858/.rbenv/versions/2.2.3/lib/ruby/2.2.0/webrick/httpserver.rb:138:in `service'
  /home/wolfy858/.rbenv/versions/2.2.3/lib/ruby/2.2.0/webrick/httpserver.rb:94:in `run'
  /home/wolfy858/.rbenv/versions/2.2.3/lib/ruby/2.2.0/webrick/server.rb:294:in `block in start_thread'


  Rendered /home/wolfy858/.rbenv/versions/2.2.3/lib/ruby/gems/2.2.0/gems/actionpack-4.0.2/lib/action_dispatch/middleware/templates/rescues/_trace.erb (1.6ms)
  Rendered /home/wolfy858/.rbenv/versions/2.2.3/lib/ruby/gems/2.2.0/gems/actionpack-4.0.2/lib/action_dispatch/middleware/templates/routes/_route.html.erb (1.5ms)
  Rendered /home/wolfy858/.rbenv/versions/2.2.3/lib/ruby/gems/2.2.0/gems/actionpack-4.0.2/lib/action_dispatch/middleware/templates/routes/_table.html.erb (1.3ms)
  Rendered /home/wolfy858/.rbenv/versions/2.2.3/lib/ruby/gems/2.2.0/gems/actionpack-4.0.2/lib/action_dispatch/middleware/templates/rescues/routing_error.erb within rescues/layout (19.7ms)


Started GET "/user/1" for 127.0.0.1 at 2016-06-20 21:34:45 -0700

ActionController::RoutingError (No route matches [GET] "/user/1"):
  actionpack (4.0.2) lib/action_dispatch/middleware/debug_exceptions.rb:21:in `call'
  actionpack (4.0.2) lib/action_dispatch/middleware/show_exceptions.rb:30:in `call'
  railties (4.0.2) lib/rails/rack/logger.rb:38:in `call_app'
  railties (4.0.2) lib/rails/rack/logger.rb:20:in `block in call'
  activesupport (4.0.2) lib/active_support/tagged_logging.rb:67:in `block in tagged'
  activesupport (4.0.2) lib/active_support/tagged_logging.rb:25:in `tagged'
  activesupport (4.0.2) lib/active_support/tagged_logging.rb:67:in `tagged'
  railties (4.0.2) lib/rails/rack/logger.rb:20:in `call'
  actionpack (4.0.2) lib/action_dispatch/middleware/request_id.rb:21:in `call'
  rack (1.5.5) lib/rack/methodoverride.rb:21:in `call'
  rack (1.5.5) lib/rack/runtime.rb:17:in `call'
  activesupport (4.0.2) lib/active_support/cache/strategy/local_cache.rb:83:in `call'
  rack (1.5.5) lib/rack/lock.rb:17:in `call'
  actionpack (4.0.2) lib/action_dispatch/middleware/static.rb:64:in `call'
  rack (1.5.5) lib/rack/sendfile.rb:112:in `call'
  railties (4.0.2) lib/rails/engine.rb:511:in `call'
  railties (4.0.2) lib/rails/application.rb:97:in `call'
  rack (1.5.5) lib/rack/lock.rb:17:in `call'
  rack (1.5.5) lib/rack/content_length.rb:14:in `call'
  rack (1.5.5) lib/rack/handler/webrick.rb:60:in `service'
  /home/wolfy858/.rbenv/versions/2.2.3/lib/ruby/2.2.0/webrick/httpserver.rb:138:in `service'
  /home/wolfy858/.rbenv/versions/2.2.3/lib/ruby/2.2.0/webrick/httpserver.rb:94:in `run'
  /home/wolfy858/.rbenv/versions/2.2.3/lib/ruby/2.2.0/webrick/server.rb:294:in `block in start_thread'


  Rendered /home/wolfy858/.rbenv/versions/2.2.3/lib/ruby/gems/2.2.0/gems/actionpack-4.0.2/lib/action_dispatch/middleware/templates/rescues/_trace.erb (4.1ms)
  Rendered /home/wolfy858/.rbenv/versions/2.2.3/lib/ruby/gems/2.2.0/gems/actionpack-4.0.2/lib/action_dispatch/middleware/templates/routes/_route.html.erb (1.8ms)
  Rendered /home/wolfy858/.rbenv/versions/2.2.3/lib/ruby/gems/2.2.0/gems/actionpack-4.0.2/lib/action_dispatch/middleware/templates/routes/_table.html.erb (1.3ms)
  Rendered /home/wolfy858/.rbenv/versions/2.2.3/lib/ruby/gems/2.2.0/gems/actionpack-4.0.2/lib/action_dispatch/middleware/templates/rescues/routing_error.erb within rescues/layout (23.8ms)


Started GET "/sessions/new" for 127.0.0.1 at 2016-06-20 21:34:52 -0700

ActionController::RoutingError (No route matches [GET] "/sessions/new"):
  actionpack (4.0.2) lib/action_dispatch/middleware/debug_exceptions.rb:21:in `call'
  actionpack (4.0.2) lib/action_dispatch/middleware/show_exceptions.rb:30:in `call'
  railties (4.0.2) lib/rails/rack/logger.rb:38:in `call_app'
  railties (4.0.2) lib/rails/rack/logger.rb:20:in `block in call'
  activesupport (4.0.2) lib/active_support/tagged_logging.rb:67:in `block in tagged'
  activesupport (4.0.2) lib/active_support/tagged_logging.rb:25:in `tagged'
  activesupport (4.0.2) lib/active_support/tagged_logging.rb:67:in `tagged'
  railties (4.0.2) lib/rails/rack/logger.rb:20:in `call'
  actionpack (4.0.2) lib/action_dispatch/middleware/request_id.rb:21:in `call'
  rack (1.5.5) lib/rack/methodoverride.rb:21:in `call'
  rack (1.5.5) lib/rack/runtime.rb:17:in `call'
  activesupport (4.0.2) lib/active_support/cache/strategy/local_cache.rb:83:in `call'
  rack (1.5.5) lib/rack/lock.rb:17:in `call'
  actionpack (4.0.2) lib/action_dispatch/middleware/static.rb:64:in `call'
  rack (1.5.5) lib/rack/sendfile.rb:112:in `call'
  railties (4.0.2) lib/rails/engine.rb:511:in `call'
  railties (4.0.2) lib/rails/application.rb:97:in `call'
  rack (1.5.5) lib/rack/lock.rb:17:in `call'
  rack (1.5.5) lib/rack/content_length.rb:14:in `call'
  rack (1.5.5) lib/rack/handler/webrick.rb:60:in `service'
  /home/wolfy858/.rbenv/versions/2.2.3/lib/ruby/2.2.0/webrick/httpserver.rb:138:in `service'
  /home/wolfy858/.rbenv/versions/2.2.3/lib/ruby/2.2.0/webrick/httpserver.rb:94:in `run'
  /home/wolfy858/.rbenv/versions/2.2.3/lib/ruby/2.2.0/webrick/server.rb:294:in `block in start_thread'


  Rendered /home/wolfy858/.rbenv/versions/2.2.3/lib/ruby/gems/2.2.0/gems/actionpack-4.0.2/lib/action_dispatch/middleware/templates/rescues/_trace.erb (1.9ms)
  Rendered /home/wolfy858/.rbenv/versions/2.2.3/lib/ruby/gems/2.2.0/gems/actionpack-4.0.2/lib/action_dispatch/middleware/templates/routes/_route.html.erb (1.8ms)
  Rendered /home/wolfy858/.rbenv/versions/2.2.3/lib/ruby/gems/2.2.0/gems/actionpack-4.0.2/lib/action_dispatch/middleware/templates/routes/_table.html.erb (1.8ms)
  Rendered /home/wolfy858/.rbenv/versions/2.2.3/lib/ruby/gems/2.2.0/gems/actionpack-4.0.2/lib/action_dispatch/middleware/templates/rescues/routing_error.erb within rescues/layout (28.1ms)
  [1m[36mActiveRecord::SchemaMigration Load (0.1ms)[0m  [1mSELECT "schema_migrations".* FROM "schema_migrations"[0m
  [1m[35mActiveRecord::SchemaMigration Load (0.1ms)[0m  SELECT "schema_migrations".* FROM "schema_migrations"


Started GET "/user/new" for 127.0.0.1 at 2016-06-20 21:35:26 -0700
Processing by UsersController#new as HTML
  Rendered users/new.html.erb within layouts/application (6.5ms)
Completed 200 OK in 436ms (Views: 432.2ms | ActiveRecord: 0.5ms)


Started GET "/assets/application.css?body=1" for 127.0.0.1 at 2016-06-20 21:35:27 -0700


Started GET "/assets/jquery.js?body=1" for 127.0.0.1 at 2016-06-20 21:35:27 -0700


Started GET "/assets/turbolinks.js?body=1" for 127.0.0.1 at 2016-06-20 21:35:27 -0700


Started GET "/assets/jquery_ujs.js?body=1" for 127.0.0.1 at 2016-06-20 21:35:27 -0700


Started GET "/assets/application.js?body=1" for 127.0.0.1 at 2016-06-20 21:35:27 -0700


Started POST "/user" for 127.0.0.1 at 2016-06-20 21:35:34 -0700
Processing by UsersController#create as HTML
  Parameters: {"authenticity_token"=>"W5T8qt0QERqYOqEoX66n/LB2PcH2aNOuqXwMQAoc2Rc=", "user"=>{"username"=>"Wolfy858", "password"=>"[FILTERED]"}}
  [1m[35m (0.2ms)[0m  begin transaction
  [1m[36m (0.1ms)[0m  [1mrollback transaction[0m
  Rendered users/new.html.erb within layouts/application (0.4ms)
Completed 200 OK in 125ms (Views: 3.8ms | ActiveRecord: 0.3ms)


Started POST "/user" for 127.0.0.1 at 2016-06-20 21:35:38 -0700
Processing by UsersController#create as HTML
  Parameters: {"authenticity_token"=>"W5T8qt0QERqYOqEoX66n/LB2PcH2aNOuqXwMQAoc2Rc=", "user"=>{"username"=>"Wolfy858", "password"=>"[FILTERED]"}}
  [1m[35m (0.1ms)[0m  begin transaction
Binary data inserted for `string` type on column `password_digest`
  [1m[36mSQL (2.7ms)[0m  [1mINSERT INTO "users" ("created_at", "password_digest", "session_token", "updated_at", "username") VALUES (?, ?, ?, ?, ?)[0m  [["created_at", Tue, 21 Jun 2016 04:35:38 UTC +00:00], ["password_digest", "$2a$10$KNpD5WDrZ6dWWeNQBCW3LujzbkEumig2CZSu2g2I2AC1enr62hjCa"], ["session_token", "h7vURgWVeHYJC-zOac7RAw"], ["updated_at", Tue, 21 Jun 2016 04:35:38 UTC +00:00], ["username", "Wolfy858"]]
  [1m[35m (132.5ms)[0m  commit transaction
  [1m[36m (0.1ms)[0m  [1mbegin transaction[0m
  [1m[35mSQL (0.6ms)[0m  UPDATE "users" SET "session_token" = ?, "updated_at" = ? WHERE "users"."id" = 1  [["session_token", "_hyZGlGTOINi9jm-dMRWYQ"], ["updated_at", Tue, 21 Jun 2016 04:35:38 UTC +00:00]]
  [1m[36m (118.6ms)[0m  [1mcommit transaction[0m
Redirected to http://localhost:3000/user
Completed 302 Found in 361ms (ActiveRecord: 254.7ms)


Started GET "/user" for 127.0.0.1 at 2016-06-20 21:35:38 -0700
Processing by UsersController#show as HTML
  [1m[35mUser Load (0.4ms)[0m  SELECT "users".* FROM "users" WHERE "users"."session_token" = '_hyZGlGTOINi9jm-dMRWYQ' LIMIT 1
  Rendered users/show.html.erb within layouts/application (1.4ms)
Completed 200 OK in 15ms (Views: 8.1ms | ActiveRecord: 0.4ms)


Started PUT "/user/counter" for 127.0.0.1 at 2016-06-20 21:35:42 -0700
Processing by CountersController#update as HTML
  Parameters: {"authenticity_token"=>"W5T8qt0QERqYOqEoX66n/LB2PcH2aNOuqXwMQAoc2Rc=", "user"=>{"counter"=>"100"}}
  [1m[36mUser Load (0.3ms)[0m  [1mSELECT "users".* FROM "users" WHERE "users"."session_token" = '_hyZGlGTOINi9jm-dMRWYQ' LIMIT 1[0m
  [1m[35m (0.1ms)[0m  begin transaction
  [1m[36mSQL (0.7ms)[0m  [1mUPDATE "users" SET "counter" = ?, "updated_at" = ? WHERE "users"."id" = 1[0m  [["counter", 100], ["updated_at", Tue, 21 Jun 2016 04:35:42 UTC +00:00]]
  [1m[35m (110.4ms)[0m  commit transaction
Redirected to http://localhost:3000/user
Completed 302 Found in 117ms (ActiveRecord: 111.6ms)


Started GET "/user" for 127.0.0.1 at 2016-06-20 21:35:42 -0700
Processing by UsersController#show as HTML
  [1m[36mUser Load (0.4ms)[0m  [1mSELECT "users".* FROM "users" WHERE "users"."session_token" = '_hyZGlGTOINi9jm-dMRWYQ' LIMIT 1[0m
  Rendered users/show.html.erb within layouts/application (0.2ms)
Completed 200 OK in 7ms (Views: 5.6ms | ActiveRecord: 0.4ms)


Started PUT "/user/counter" for 127.0.0.1 at 2016-06-20 21:35:42 -0700
Processing by CountersController#update as HTML
  Parameters: {"authenticity_token"=>"W5T8qt0QERqYOqEoX66n/LB2PcH2aNOuqXwMQAoc2Rc=", "user"=>{"counter"=>""}}
  [1m[35mUser Load (0.3ms)[0m  SELECT "users".* FROM "users" WHERE "users"."session_token" = '_hyZGlGTOINi9jm-dMRWYQ' LIMIT 1
  [1m[36m (0.1ms)[0m  [1mbegin transaction[0m
  [1m[35mSQL (0.2ms)[0m  UPDATE "users" SET "counter" = ?, "updated_at" = ? WHERE "users"."id" = 1  [["counter", nil], ["updated_at", Tue, 21 Jun 2016 04:35:42 UTC +00:00]]
  [1m[36m (106.8ms)[0m  [1mcommit transaction[0m
Redirected to http://localhost:3000/user
Completed 302 Found in 111ms (ActiveRecord: 107.4ms)


Started GET "/user" for 127.0.0.1 at 2016-06-20 21:35:42 -0700
Processing by UsersController#show as HTML
  [1m[35mUser Load (0.3ms)[0m  SELECT "users".* FROM "users" WHERE "users"."session_token" = '_hyZGlGTOINi9jm-dMRWYQ' LIMIT 1
  Rendered users/show.html.erb within layouts/application (0.1ms)
Completed 200 OK in 6ms (Views: 4.5ms | ActiveRecord: 0.3ms)


Started PUT "/user/counter" for 127.0.0.1 at 2016-06-20 21:35:45 -0700
Processing by CountersController#update as HTML
  Parameters: {"authenticity_token"=>"W5T8qt0QERqYOqEoX66n/LB2PcH2aNOuqXwMQAoc2Rc=", "user"=>{"counter"=>"100"}}
  [1m[36mUser Load (0.3ms)[0m  [1mSELECT "users".* FROM "users" WHERE "users"."session_token" = '_hyZGlGTOINi9jm-dMRWYQ' LIMIT 1[0m
  [1m[35m (0.2ms)[0m  begin transaction
  [1m[36mSQL (0.5ms)[0m  [1mUPDATE "users" SET "counter" = ?, "updated_at" = ? WHERE "users"."id" = 1[0m  [["counter", 100], ["updated_at", Tue, 21 Jun 2016 04:35:45 UTC +00:00]]
  [1m[35m (153.5ms)[0m  commit transaction
Redirected to http://localhost:3000/user
Completed 302 Found in 161ms (ActiveRecord: 154.4ms)


Started GET "/user" for 127.0.0.1 at 2016-06-20 21:35:45 -0700
Processing by UsersController#show as HTML
  [1m[36mUser Load (0.3ms)[0m  [1mSELECT "users".* FROM "users" WHERE "users"."session_token" = '_hyZGlGTOINi9jm-dMRWYQ' LIMIT 1[0m
  Rendered users/show.html.erb within layouts/application (0.2ms)
Completed 200 OK in 8ms (Views: 5.7ms | ActiveRecord: 0.3ms)


Started PUT "/user/counter" for 127.0.0.1 at 2016-06-20 21:58:23 -0700
Processing by CountersController#update as HTML
  Parameters: {"authenticity_token"=>"W5T8qt0QERqYOqEoX66n/LB2PcH2aNOuqXwMQAoc2Rc=", "user"=>{"counter"=>"50"}}
  [1m[35mUser Load (0.5ms)[0m  SELECT "users".* FROM "users" WHERE "users"."session_token" = '_hyZGlGTOINi9jm-dMRWYQ' LIMIT 1
  [1m[36m (0.2ms)[0m  [1mbegin transaction[0m
  [1m[35mSQL (0.5ms)[0m  UPDATE "users" SET "counter" = ?, "updated_at" = ? WHERE "users"."id" = 1  [["counter", 50], ["updated_at", Tue, 21 Jun 2016 04:58:23 UTC +00:00]]
  [1m[36m (118.4ms)[0m  [1mcommit transaction[0m
Redirected to http://localhost:3000/user
Completed 302 Found in 125ms (ActiveRecord: 119.5ms)


Started GET "/user" for 127.0.0.1 at 2016-06-20 21:58:23 -0700
Processing by UsersController#show as HTML
  [1m[35mUser Load (0.2ms)[0m  SELECT "users".* FROM "users" WHERE "users"."session_token" = '_hyZGlGTOINi9jm-dMRWYQ' LIMIT 1
  Rendered users/show.html.erb within layouts/application (0.1ms)
Completed 200 OK in 6ms (Views: 4.8ms | ActiveRecord: 0.2ms)


Started GET "/assets/application.css?body=1" for 127.0.0.1 at 2016-06-20 21:58:23 -0700


Started GET "/assets/jquery_ujs.js?body=1" for 127.0.0.1 at 2016-06-20 21:58:23 -0700


Started GET "/assets/jquery.js?body=1" for 127.0.0.1 at 2016-06-20 21:58:23 -0700


Started GET "/assets/application.js?body=1" for 127.0.0.1 at 2016-06-20 21:58:23 -0700


Started PUT "/user/counter" for 127.0.0.1 at 2016-06-20 21:58:25 -0700
Processing by CountersController#update as HTML
  Parameters: {"user"=>{"counter"=>"-1"}}
Can't verify CSRF token authenticity
Completed 422 Unprocessable Entity in 3ms

ActionController::InvalidAuthenticityToken - ActionController::InvalidAuthenticityToken:
  actionpack (4.0.2) lib/action_controller/metal/request_forgery_protection.rb:163:in `handle_unverified_request'
  actionpack (4.0.2) lib/action_controller/metal/request_forgery_protection.rb:170:in `handle_unverified_request'
  actionpack (4.0.2) lib/action_controller/metal/request_forgery_protection.rb:177:in `verify_authenticity_token'
  activesupport (4.0.2) lib/active_support/callbacks.rb:377:in `_run__1704247820155089036__process_action__callbacks'
  activesupport (4.0.2) lib/active_support/callbacks.rb:80:in `run_callbacks'
  actionpack (4.0.2) lib/abstract_controller/callbacks.rb:17:in `process_action'
  actionpack (4.0.2) lib/action_controller/metal/rescue.rb:29:in `process_action'
  actionpack (4.0.2) lib/action_controller/metal/instrumentation.rb:31:in `block in process_action'
  activesupport (4.0.2) lib/active_support/notifications.rb:159:in `block in instrument'
  activesupport (4.0.2) lib/active_support/notifications/instrumenter.rb:20:in `instrument'
  activesupport (4.0.2) lib/active_support/notifications.rb:159:in `instrument'
  actionpack (4.0.2) lib/action_controller/metal/instrumentation.rb:30:in `process_action'
  actionpack (4.0.2) lib/action_controller/metal/params_wrapper.rb:245:in `process_action'
  activerecord (4.0.2) lib/active_record/railties/controller_runtime.rb:18:in `process_action'
  actionpack (4.0.2) lib/abstract_controller/base.rb:136:in `process'
  actionpack (4.0.2) lib/abstract_controller/rendering.rb:44:in `process'
  actionpack (4.0.2) lib/action_controller/metal.rb:195:in `dispatch'
  actionpack (4.0.2) lib/action_controller/metal/rack_delegation.rb:13:in `dispatch'
  actionpack (4.0.2) lib/action_controller/metal.rb:231:in `block in action'
  actionpack (4.0.2) lib/action_dispatch/routing/route_set.rb:80:in `dispatch'
  actionpack (4.0.2) lib/action_dispatch/routing/route_set.rb:48:in `call'
  actionpack (4.0.2) lib/action_dispatch/journey/router.rb:71:in `block in call'
  actionpack (4.0.2) lib/action_dispatch/journey/router.rb:59:in `call'
  actionpack (4.0.2) lib/action_dispatch/routing/route_set.rb:680:in `call'
  rack (1.5.5) lib/rack/etag.rb:23:in `call'
  rack (1.5.5) lib/rack/conditionalget.rb:35:in `call'
  rack (1.5.5) lib/rack/head.rb:11:in `call'
  actionpack (4.0.2) lib/action_dispatch/middleware/params_parser.rb:27:in `call'
  actionpack (4.0.2) lib/action_dispatch/middleware/flash.rb:241:in `call'
  rack (1.5.5) lib/rack/session/abstract/id.rb:225:in `context'
  rack (1.5.5) lib/rack/session/abstract/id.rb:220:in `call'
  actionpack (4.0.2) lib/action_dispatch/middleware/cookies.rb:486:in `call'
  activerecord (4.0.2) lib/active_record/query_cache.rb:36:in `call'
  activerecord (4.0.2) lib/active_record/connection_adapters/abstract/connection_pool.rb:626:in `call'
  activerecord (4.0.2) lib/active_record/migration.rb:369:in `call'
  actionpack (4.0.2) lib/action_dispatch/middleware/callbacks.rb:29:in `block in call'
  activesupport (4.0.2) lib/active_support/callbacks.rb:373:in `_run__1207311034801254616__call__callbacks'
  activesupport (4.0.2) lib/active_support/callbacks.rb:80:in `run_callbacks'
  actionpack (4.0.2) lib/action_dispatch/middleware/callbacks.rb:27:in `call'
  actionpack (4.0.2) lib/action_dispatch/middleware/reloader.rb:64:in `call'
  actionpack (4.0.2) lib/action_dispatch/middleware/remote_ip.rb:76:in `call'
  better_errors (2.1.1) lib/better_errors/middleware.rb:84:in `protected_app_call'
  better_errors (2.1.1) lib/better_errors/middleware.rb:79:in `better_errors_call'
  better_errors (2.1.1) lib/better_errors/middleware.rb:57:in `call'
  actionpack (4.0.2) lib/action_dispatch/middleware/debug_exceptions.rb:17:in `call'
  actionpack (4.0.2) lib/action_dispatch/middleware/show_exceptions.rb:30:in `call'
  railties (4.0.2) lib/rails/rack/logger.rb:38:in `call_app'
  railties (4.0.2) lib/rails/rack/logger.rb:20:in `block in call'
  activesupport (4.0.2) lib/active_support/tagged_logging.rb:67:in `block in tagged'
  activesupport (4.0.2) lib/active_support/tagged_logging.rb:25:in `tagged'
  activesupport (4.0.2) lib/active_support/tagged_logging.rb:67:in `tagged'
  railties (4.0.2) lib/rails/rack/logger.rb:20:in `call'
  actionpack (4.0.2) lib/action_dispatch/middleware/request_id.rb:21:in `call'
  rack (1.5.5) lib/rack/methodoverride.rb:21:in `call'
  rack (1.5.5) lib/rack/runtime.rb:17:in `call'
  activesupport (4.0.2) lib/active_support/cache/strategy/local_cache.rb:83:in `call'
  rack (1.5.5) lib/rack/lock.rb:17:in `call'
  actionpack (4.0.2) lib/action_dispatch/middleware/static.rb:64:in `call'
  rack (1.5.5) lib/rack/sendfile.rb:112:in `call'
  railties (4.0.2) lib/rails/engine.rb:511:in `call'
  railties (4.0.2) lib/rails/application.rb:97:in `call'
  rack (1.5.5) lib/rack/lock.rb:17:in `call'
  rack (1.5.5) lib/rack/content_length.rb:14:in `call'
  rack (1.5.5) lib/rack/handler/webrick.rb:60:in `service'
  /home/wolfy858/.rbenv/versions/2.2.3/lib/ruby/2.2.0/webrick/httpserver.rb:138:in `service'
  /home/wolfy858/.rbenv/versions/2.2.3/lib/ruby/2.2.0/webrick/httpserver.rb:94:in `run'
  /home/wolfy858/.rbenv/versions/2.2.3/lib/ruby/2.2.0/webrick/server.rb:294:in `block in start_thread'



Started POST "/__better_errors/3ef5c8729d705774/variables" for 127.0.0.1 at 2016-06-20 21:58:25 -0700


Started PUT "/user/counter" for 127.0.0.1 at 2016-06-20 21:59:05 -0700
Processing by CountersController#update as HTML
  Parameters: {"user"=>{"counter"=>"-1"}}
  [1m[36mUser Load (0.2ms)[0m  [1mSELECT "users".* FROM "users" WHERE "users"."session_token" = '_hyZGlGTOINi9jm-dMRWYQ' LIMIT 1[0m
  [1m[35m (0.2ms)[0m  begin transaction
  [1m[36mSQL (0.4ms)[0m  [1mUPDATE "users" SET "counter" = ?, "updated_at" = ? WHERE "users"."id" = 1[0m  [["counter", -1], ["updated_at", Tue, 21 Jun 2016 04:59:05 UTC +00:00]]
  [1m[35m (97.6ms)[0m  commit transaction
Redirected to http://localhost:3000/user
Completed 302 Found in 116ms (ActiveRecord: 99.1ms)


Started GET "/user" for 127.0.0.1 at 2016-06-20 21:59:05 -0700
Processing by UsersController#show as HTML
  [1m[36mUser Load (0.3ms)[0m  [1mSELECT "users".* FROM "users" WHERE "users"."session_token" = '_hyZGlGTOINi9jm-dMRWYQ' LIMIT 1[0m
  Rendered users/show.html.erb within layouts/application (0.2ms)
Completed 200 OK in 8ms (Views: 5.8ms | ActiveRecord: 0.3ms)


Started GET "/assets/jquery_ujs.js?body=1" for 127.0.0.1 at 2016-06-20 21:59:05 -0700


Started GET "/assets/application.css?body=1" for 127.0.0.1 at 2016-06-20 21:59:05 -0700


Started GET "/assets/jquery.js?body=1" for 127.0.0.1 at 2016-06-20 21:59:05 -0700


Started GET "/assets/turbolinks.js?body=1" for 127.0.0.1 at 2016-06-20 21:59:05 -0700


Started GET "/assets/application.js?body=1" for 127.0.0.1 at 2016-06-20 21:59:05 -0700


Started GET "/user" for 127.0.0.1 at 2016-06-20 21:59:11 -0700
Processing by UsersController#show as HTML
  [1m[35mUser Load (0.2ms)[0m  SELECT "users".* FROM "users" WHERE "users"."session_token" = '_hyZGlGTOINi9jm-dMRWYQ' LIMIT 1
  Rendered users/show.html.erb within layouts/application (0.2ms)
Completed 200 OK in 9ms (Views: 7.2ms | ActiveRecord: 0.2ms)


Started GET "/assets/application.css?body=1" for 127.0.0.1 at 2016-06-20 21:59:12 -0700


Started GET "/assets/jquery.js?body=1" for 127.0.0.1 at 2016-06-20 21:59:12 -0700


Started GET "/assets/jquery_ujs.js?body=1" for 127.0.0.1 at 2016-06-20 21:59:12 -0700


Started GET "/assets/turbolinks.js?body=1" for 127.0.0.1 at 2016-06-20 21:59:12 -0700


Started GET "/assets/application.js?body=1" for 127.0.0.1 at 2016-06-20 21:59:12 -0700


Started GET "/assets/application.css?body=1" for 127.0.0.1 at 2016-06-20 22:05:43 -0700


Started GET "/user" for 127.0.0.1 at 2016-06-20 22:06:04 -0700
Processing by UsersController#show as HTML
  [1m[36mUser Load (0.2ms)[0m  [1mSELECT "users".* FROM "users" WHERE "users"."session_token" = '_hyZGlGTOINi9jm-dMRWYQ' LIMIT 1[0m
  Rendered users/show.html.erb within layouts/application (12.8ms)
Completed 500 Internal Server Error in 26ms

NameError - undefined local variable or method `my_csrf_token' for #<#<Class:0x0055e789363258>:0x0055e789360698>:
  app/views/users/show.html.erb:10:in `_app_views_users_show_html_erb__1066910442519261136_47226463897140'
  actionpack (4.0.2) lib/action_view/template.rb:143:in `block in render'
  activesupport (4.0.2) lib/active_support/notifications.rb:161:in `instrument'
  actionpack (4.0.2) lib/action_view/template.rb:141:in `render'
  actionpack (4.0.2) lib/action_view/renderer/template_renderer.rb:49:in `block (2 levels) in render_template'
  actionpack (4.0.2) lib/action_view/renderer/abstract_renderer.rb:38:in `block in instrument'
  activesupport (4.0.2) lib/active_support/notifications.rb:159:in `block in instrument'
  activesupport (4.0.2) lib/active_support/notifications/instrumenter.rb:20:in `instrument'
  activesupport (4.0.2) lib/active_support/notifications.rb:159:in `instrument'
  actionpack (4.0.2) lib/action_view/renderer/abstract_renderer.rb:38:in `instrument'
  actionpack (4.0.2) lib/action_view/renderer/template_renderer.rb:48:in `block in render_template'
  actionpack (4.0.2) lib/action_view/renderer/template_renderer.rb:56:in `render_with_layout'
  actionpack (4.0.2) lib/action_view/renderer/template_renderer.rb:47:in `render_template'
  actionpack (4.0.2) lib/action_view/renderer/template_renderer.rb:17:in `render'
  actionpack (4.0.2) lib/action_view/renderer/renderer.rb:42:in `render_template'
  actionpack (4.0.2) lib/action_view/renderer/renderer.rb:23:in `render'
  actionpack (4.0.2) lib/abstract_controller/rendering.rb:127:in `_render_template'
  actionpack (4.0.2) lib/action_controller/metal/streaming.rb:219:in `_render_template'
  actionpack (4.0.2) lib/abstract_controller/rendering.rb:120:in `render_to_body'
  actionpack (4.0.2) lib/action_controller/metal/rendering.rb:33:in `render_to_body'
  actionpack (4.0.2) lib/action_controller/metal/renderers.rb:26:in `render_to_body'
  actionpack (4.0.2) lib/abstract_controller/rendering.rb:97:in `render'
  actionpack (4.0.2) lib/action_controller/metal/rendering.rb:16:in `render'
  actionpack (4.0.2) lib/action_controller/metal/instrumentation.rb:41:in `block (2 levels) in render'
  activesupport (4.0.2) lib/active_support/core_ext/benchmark.rb:12:in `block in ms'
  /home/wolfy858/.rbenv/versions/2.2.3/lib/ruby/2.2.0/benchmark.rb:303:in `realtime'
  activesupport (4.0.2) lib/active_support/core_ext/benchmark.rb:12:in `ms'
  actionpack (4.0.2) lib/action_controller/metal/instrumentation.rb:41:in `block in render'
  actionpack (4.0.2) lib/action_controller/metal/instrumentation.rb:84:in `cleanup_view_runtime'
  activerecord (4.0.2) lib/active_record/railties/controller_runtime.rb:25:in `cleanup_view_runtime'
  actionpack (4.0.2) lib/action_controller/metal/instrumentation.rb:40:in `render'
  app/controllers/users_controller.rb:30:in `show'
  actionpack (4.0.2) lib/action_controller/metal/implicit_render.rb:4:in `send_action'
  actionpack (4.0.2) lib/abstract_controller/base.rb:189:in `process_action'
  actionpack (4.0.2) lib/action_controller/metal/rendering.rb:10:in `process_action'
  actionpack (4.0.2) lib/abstract_controller/callbacks.rb:18:in `block in process_action'
  activesupport (4.0.2) lib/active_support/callbacks.rb:393:in `_run__2116963747271607847__process_action__callbacks'
  activesupport (4.0.2) lib/active_support/callbacks.rb:80:in `run_callbacks'
  actionpack (4.0.2) lib/abstract_controller/callbacks.rb:17:in `process_action'
  actionpack (4.0.2) lib/action_controller/metal/rescue.rb:29:in `process_action'
  actionpack (4.0.2) lib/action_controller/metal/instrumentation.rb:31:in `block in process_action'
  activesupport (4.0.2) lib/active_support/notifications.rb:159:in `block in instrument'
  activesupport (4.0.2) lib/active_support/notifications/instrumenter.rb:20:in `instrument'
  activesupport (4.0.2) lib/active_support/notifications.rb:159:in `instrument'
  actionpack (4.0.2) lib/action_controller/metal/instrumentation.rb:30:in `process_action'
  actionpack (4.0.2) lib/action_controller/metal/params_wrapper.rb:245:in `process_action'
  activerecord (4.0.2) lib/active_record/railties/controller_runtime.rb:18:in `process_action'
  actionpack (4.0.2) lib/abstract_controller/base.rb:136:in `process'
  actionpack (4.0.2) lib/abstract_controller/rendering.rb:44:in `process'
  actionpack (4.0.2) lib/action_controller/metal.rb:195:in `dispatch'
  actionpack (4.0.2) lib/action_controller/metal/rack_delegation.rb:13:in `dispatch'
  actionpack (4.0.2) lib/action_controller/metal.rb:231:in `block in action'
  actionpack (4.0.2) lib/action_dispatch/routing/route_set.rb:80:in `dispatch'
  actionpack (4.0.2) lib/action_dispatch/routing/route_set.rb:48:in `call'
  actionpack (4.0.2) lib/action_dispatch/journey/router.rb:71:in `block in call'
  actionpack (4.0.2) lib/action_dispatch/journey/router.rb:59:in `call'
  actionpack (4.0.2) lib/action_dispatch/routing/route_set.rb:680:in `call'
  rack (1.5.5) lib/rack/etag.rb:23:in `call'
  rack (1.5.5) lib/rack/conditionalget.rb:25:in `call'
  rack (1.5.5) lib/rack/head.rb:11:in `call'
  actionpack (4.0.2) lib/action_dispatch/middleware/params_parser.rb:27:in `call'
  actionpack (4.0.2) lib/action_dispatch/middleware/flash.rb:241:in `call'
  rack (1.5.5) lib/rack/session/abstract/id.rb:225:in `context'
  rack (1.5.5) lib/rack/session/abstract/id.rb:220:in `call'
  actionpack (4.0.2) lib/action_dispatch/middleware/cookies.rb:486:in `call'
  activerecord (4.0.2) lib/active_record/query_cache.rb:36:in `call'
  activerecord (4.0.2) lib/active_record/connection_adapters/abstract/connection_pool.rb:626:in `call'
  activerecord (4.0.2) lib/active_record/migration.rb:369:in `call'
  actionpack (4.0.2) lib/action_dispatch/middleware/callbacks.rb:29:in `block in call'
  activesupport (4.0.2) lib/active_support/callbacks.rb:373:in `_run__1207311034801254616__call__callbacks'
  activesupport (4.0.2) lib/active_support/callbacks.rb:80:in `run_callbacks'
  actionpack (4.0.2) lib/action_dispatch/middleware/callbacks.rb:27:in `call'
  actionpack (4.0.2) lib/action_dispatch/middleware/reloader.rb:64:in `call'
  actionpack (4.0.2) lib/action_dispatch/middleware/remote_ip.rb:76:in `call'
  better_errors (2.1.1) lib/better_errors/middleware.rb:84:in `protected_app_call'
  better_errors (2.1.1) lib/better_errors/middleware.rb:79:in `better_errors_call'
  better_errors (2.1.1) lib/better_errors/middleware.rb:57:in `call'
  actionpack (4.0.2) lib/action_dispatch/middleware/debug_exceptions.rb:17:in `call'
  actionpack (4.0.2) lib/action_dispatch/middleware/show_exceptions.rb:30:in `call'
  railties (4.0.2) lib/rails/rack/logger.rb:38:in `call_app'
  railties (4.0.2) lib/rails/rack/logger.rb:20:in `block in call'
  activesupport (4.0.2) lib/active_support/tagged_logging.rb:67:in `block in tagged'
  activesupport (4.0.2) lib/active_support/tagged_logging.rb:25:in `tagged'
  activesupport (4.0.2) lib/active_support/tagged_logging.rb:67:in `tagged'
  railties (4.0.2) lib/rails/rack/logger.rb:20:in `call'
  actionpack (4.0.2) lib/action_dispatch/middleware/request_id.rb:21:in `call'
  rack (1.5.5) lib/rack/methodoverride.rb:21:in `call'
  rack (1.5.5) lib/rack/runtime.rb:17:in `call'
  activesupport (4.0.2) lib/active_support/cache/strategy/local_cache.rb:83:in `call'
  rack (1.5.5) lib/rack/lock.rb:17:in `call'
  actionpack (4.0.2) lib/action_dispatch/middleware/static.rb:64:in `call'
  rack (1.5.5) lib/rack/sendfile.rb:112:in `call'
  railties (4.0.2) lib/rails/engine.rb:511:in `call'
  railties (4.0.2) lib/rails/application.rb:97:in `call'
  rack (1.5.5) lib/rack/lock.rb:17:in `call'
  rack (1.5.5) lib/rack/content_length.rb:14:in `call'
  rack (1.5.5) lib/rack/handler/webrick.rb:60:in `service'
  /home/wolfy858/.rbenv/versions/2.2.3/lib/ruby/2.2.0/webrick/httpserver.rb:138:in `service'
  /home/wolfy858/.rbenv/versions/2.2.3/lib/ruby/2.2.0/webrick/httpserver.rb:94:in `run'
  /home/wolfy858/.rbenv/versions/2.2.3/lib/ruby/2.2.0/webrick/server.rb:294:in `block in start_thread'



Started POST "/__better_errors/6db83652f4e162ac/variables" for 127.0.0.1 at 2016-06-20 22:06:04 -0700


Started GET "/user" for 127.0.0.1 at 2016-06-20 22:07:44 -0700
Processing by UsersController#show as HTML
  [1m[35mUser Load (0.2ms)[0m  SELECT "users".* FROM "users" WHERE "users"."session_token" = '_hyZGlGTOINi9jm-dMRWYQ' LIMIT 1
  Rendered users/show.html.erb within layouts/application (11.9ms)
Completed 500 Internal Server Error in 15ms

NameError - undefined local variable or method `my_csrf_token' for #<#<Class:0x0055e789363258>:0x007f6e607629a8>:
  app/views/users/show.html.erb:10:in `_app_views_users_show_html_erb__1066910442519261136_47226463897140'
  actionpack (4.0.2) lib/action_view/template.rb:143:in `block in render'
  activesupport (4.0.2) lib/active_support/notifications.rb:161:in `instrument'
  actionpack (4.0.2) lib/action_view/template.rb:141:in `render'
  actionpack (4.0.2) lib/action_view/renderer/template_renderer.rb:49:in `block (2 levels) in render_template'
  actionpack (4.0.2) lib/action_view/renderer/abstract_renderer.rb:38:in `block in instrument'
  activesupport (4.0.2) lib/active_support/notifications.rb:159:in `block in instrument'
  activesupport (4.0.2) lib/active_support/notifications/instrumenter.rb:20:in `instrument'
  activesupport (4.0.2) lib/active_support/notifications.rb:159:in `instrument'
  actionpack (4.0.2) lib/action_view/renderer/abstract_renderer.rb:38:in `instrument'
  actionpack (4.0.2) lib/action_view/renderer/template_renderer.rb:48:in `block in render_template'
  actionpack (4.0.2) lib/action_view/renderer/template_renderer.rb:56:in `render_with_layout'
  actionpack (4.0.2) lib/action_view/renderer/template_renderer.rb:47:in `render_template'
  actionpack (4.0.2) lib/action_view/renderer/template_renderer.rb:17:in `render'
  actionpack (4.0.2) lib/action_view/renderer/renderer.rb:42:in `render_template'
  actionpack (4.0.2) lib/action_view/renderer/renderer.rb:23:in `render'
  actionpack (4.0.2) lib/abstract_controller/rendering.rb:127:in `_render_template'
  actionpack (4.0.2) lib/action_controller/metal/streaming.rb:219:in `_render_template'
  actionpack (4.0.2) lib/abstract_controller/rendering.rb:120:in `render_to_body'
  actionpack (4.0.2) lib/action_controller/metal/rendering.rb:33:in `render_to_body'
  actionpack (4.0.2) lib/action_controller/metal/renderers.rb:26:in `render_to_body'
  actionpack (4.0.2) lib/abstract_controller/rendering.rb:97:in `render'
  actionpack (4.0.2) lib/action_controller/metal/rendering.rb:16:in `render'
  actionpack (4.0.2) lib/action_controller/metal/instrumentation.rb:41:in `block (2 levels) in render'
  activesupport (4.0.2) lib/active_support/core_ext/benchmark.rb:12:in `block in ms'
  /home/wolfy858/.rbenv/versions/2.2.3/lib/ruby/2.2.0/benchmark.rb:303:in `realtime'
  activesupport (4.0.2) lib/active_support/core_ext/benchmark.rb:12:in `ms'
  actionpack (4.0.2) lib/action_controller/metal/instrumentation.rb:41:in `block in render'
  actionpack (4.0.2) lib/action_controller/metal/instrumentation.rb:84:in `cleanup_view_runtime'
  activerecord (4.0.2) lib/active_record/railties/controller_runtime.rb:25:in `cleanup_view_runtime'
  actionpack (4.0.2) lib/action_controller/metal/instrumentation.rb:40:in `render'
  app/controllers/users_controller.rb:30:in `show'
  actionpack (4.0.2) lib/action_controller/metal/implicit_render.rb:4:in `send_action'
  actionpack (4.0.2) lib/abstract_controller/base.rb:189:in `process_action'
  actionpack (4.0.2) lib/action_controller/metal/rendering.rb:10:in `process_action'
  actionpack (4.0.2) lib/abstract_controller/callbacks.rb:18:in `block in process_action'
  activesupport (4.0.2) lib/active_support/callbacks.rb:393:in `_run__2116963747271607847__process_action__callbacks'
  activesupport (4.0.2) lib/active_support/callbacks.rb:80:in `run_callbacks'
  actionpack (4.0.2) lib/abstract_controller/callbacks.rb:17:in `process_action'
  actionpack (4.0.2) lib/action_controller/metal/rescue.rb:29:in `process_action'
  actionpack (4.0.2) lib/action_controller/metal/instrumentation.rb:31:in `block in process_action'
  activesupport (4.0.2) lib/active_support/notifications.rb:159:in `block in instrument'
  activesupport (4.0.2) lib/active_support/notifications/instrumenter.rb:20:in `instrument'
  activesupport (4.0.2) lib/active_support/notifications.rb:159:in `instrument'
  actionpack (4.0.2) lib/action_controller/metal/instrumentation.rb:30:in `process_action'
  actionpack (4.0.2) lib/action_controller/metal/params_wrapper.rb:245:in `process_action'
  activerecord (4.0.2) lib/active_record/railties/controller_runtime.rb:18:in `process_action'
  actionpack (4.0.2) lib/abstract_controller/base.rb:136:in `process'
  actionpack (4.0.2) lib/abstract_controller/rendering.rb:44:in `process'
  actionpack (4.0.2) lib/action_controller/metal.rb:195:in `dispatch'
  actionpack (4.0.2) lib/action_controller/metal/rack_delegation.rb:13:in `dispatch'
  actionpack (4.0.2) lib/action_controller/metal.rb:231:in `block in action'
  actionpack (4.0.2) lib/action_dispatch/routing/route_set.rb:80:in `dispatch'
  actionpack (4.0.2) lib/action_dispatch/routing/route_set.rb:48:in `call'
  actionpack (4.0.2) lib/action_dispatch/journey/router.rb:71:in `block in call'
  actionpack (4.0.2) lib/action_dispatch/journey/router.rb:59:in `call'
  actionpack (4.0.2) lib/action_dispatch/routing/route_set.rb:680:in `call'
  rack (1.5.5) lib/rack/etag.rb:23:in `call'
  rack (1.5.5) lib/rack/conditionalget.rb:25:in `call'
  rack (1.5.5) lib/rack/head.rb:11:in `call'
  actionpack (4.0.2) lib/action_dispatch/middleware/params_parser.rb:27:in `call'
  actionpack (4.0.2) lib/action_dispatch/middleware/flash.rb:241:in `call'
  rack (1.5.5) lib/rack/session/abstract/id.rb:225:in `context'
  rack (1.5.5) lib/rack/session/abstract/id.rb:220:in `call'
  actionpack (4.0.2) lib/action_dispatch/middleware/cookies.rb:486:in `call'
  activerecord (4.0.2) lib/active_record/query_cache.rb:36:in `call'
  activerecord (4.0.2) lib/active_record/connection_adapters/abstract/connection_pool.rb:626:in `call'
  activerecord (4.0.2) lib/active_record/migration.rb:369:in `call'
  actionpack (4.0.2) lib/action_dispatch/middleware/callbacks.rb:29:in `block in call'
  activesupport (4.0.2) lib/active_support/callbacks.rb:373:in `_run__1207311034801254616__call__callbacks'
  activesupport (4.0.2) lib/active_support/callbacks.rb:80:in `run_callbacks'
  actionpack (4.0.2) lib/action_dispatch/middleware/callbacks.rb:27:in `call'
  actionpack (4.0.2) lib/action_dispatch/middleware/reloader.rb:64:in `call'
  actionpack (4.0.2) lib/action_dispatch/middleware/remote_ip.rb:76:in `call'
  better_errors (2.1.1) lib/better_errors/middleware.rb:84:in `protected_app_call'
  better_errors (2.1.1) lib/better_errors/middleware.rb:79:in `better_errors_call'
  better_errors (2.1.1) lib/better_errors/middleware.rb:57:in `call'
  actionpack (4.0.2) lib/action_dispatch/middleware/debug_exceptions.rb:17:in `call'
  actionpack (4.0.2) lib/action_dispatch/middleware/show_exceptions.rb:30:in `call'
  railties (4.0.2) lib/rails/rack/logger.rb:38:in `call_app'
  railties (4.0.2) lib/rails/rack/logger.rb:20:in `block in call'
  activesupport (4.0.2) lib/active_support/tagged_logging.rb:67:in `block in tagged'
  activesupport (4.0.2) lib/active_support/tagged_logging.rb:25:in `tagged'
  activesupport (4.0.2) lib/active_support/tagged_logging.rb:67:in `tagged'
  railties (4.0.2) lib/rails/rack/logger.rb:20:in `call'
  actionpack (4.0.2) lib/action_dispatch/middleware/request_id.rb:21:in `call'
  rack (1.5.5) lib/rack/methodoverride.rb:21:in `call'
  rack (1.5.5) lib/rack/runtime.rb:17:in `call'
  activesupport (4.0.2) lib/active_support/cache/strategy/local_cache.rb:83:in `call'
  rack (1.5.5) lib/rack/lock.rb:17:in `call'
  actionpack (4.0.2) lib/action_dispatch/middleware/static.rb:64:in `call'
  rack (1.5.5) lib/rack/sendfile.rb:112:in `call'
  railties (4.0.2) lib/rails/engine.rb:511:in `call'
  railties (4.0.2) lib/rails/application.rb:97:in `call'
  rack (1.5.5) lib/rack/lock.rb:17:in `call'
  rack (1.5.5) lib/rack/content_length.rb:14:in `call'
  rack (1.5.5) lib/rack/handler/webrick.rb:60:in `service'
  /home/wolfy858/.rbenv/versions/2.2.3/lib/ruby/2.2.0/webrick/httpserver.rb:138:in `service'
  /home/wolfy858/.rbenv/versions/2.2.3/lib/ruby/2.2.0/webrick/httpserver.rb:94:in `run'
  /home/wolfy858/.rbenv/versions/2.2.3/lib/ruby/2.2.0/webrick/server.rb:294:in `block in start_thread'



Started POST "/__better_errors/62948fd6efe2c6a7/variables" for 127.0.0.1 at 2016-06-20 22:07:44 -0700


Started GET "/user" for 127.0.0.1 at 2016-06-20 22:09:01 -0700
Processing by UsersController#show as HTML
  [1m[36mUser Load (0.1ms)[0m  [1mSELECT "users".* FROM "users" WHERE "users"."session_token" = '_hyZGlGTOINi9jm-dMRWYQ' LIMIT 1[0m
  Rendered users/show.html.erb within layouts/application (0.2ms)
Completed 200 OK in 13ms (Views: 3.9ms | ActiveRecord: 0.8ms)


Started GET "/assets/jquery.js?body=1" for 127.0.0.1 at 2016-06-20 22:09:01 -0700


Started GET "/assets/jquery_ujs.js?body=1" for 127.0.0.1 at 2016-06-20 22:09:01 -0700


Started GET "/assets/turbolinks.js?body=1" for 127.0.0.1 at 2016-06-20 22:09:01 -0700


Started GET "/assets/application.css?body=1" for 127.0.0.1 at 2016-06-20 22:09:01 -0700


Started GET "/assets/application.js?body=1" for 127.0.0.1 at 2016-06-20 22:09:01 -0700


Started PUT "/user/counter" for 127.0.0.1 at 2016-06-20 22:13:56 -0700
Processing by CountersController#update as HTML
  Parameters: {"authenticity_token"=>"W5T8qt0QERqYOqEoX66n/LB2PcH2aNOuqXwMQAoc2Rc=", "user"=>{"counter"=>"50"}}
Completed 500 Internal Server Error in 1ms

RuntimeError - YOU ARE BEING CSRF ATTACKED!!!:
  app/controllers/application_controller.rb:17:in `validate_csrf_token'
  activesupport (4.0.2) lib/active_support/callbacks.rb:397:in `_run__1704247820155089036__process_action__callbacks'
  activesupport (4.0.2) lib/active_support/callbacks.rb:80:in `run_callbacks'
  actionpack (4.0.2) lib/abstract_controller/callbacks.rb:17:in `process_action'
  actionpack (4.0.2) lib/action_controller/metal/rescue.rb:29:in `process_action'
  actionpack (4.0.2) lib/action_controller/metal/instrumentation.rb:31:in `block in process_action'
  activesupport (4.0.2) lib/active_support/notifications.rb:159:in `block in instrument'
  activesupport (4.0.2) lib/active_support/notifications/instrumenter.rb:20:in `instrument'
  activesupport (4.0.2) lib/active_support/notifications.rb:159:in `instrument'
  actionpack (4.0.2) lib/action_controller/metal/instrumentation.rb:30:in `process_action'
  actionpack (4.0.2) lib/action_controller/metal/params_wrapper.rb:245:in `process_action'
  activerecord (4.0.2) lib/active_record/railties/controller_runtime.rb:18:in `process_action'
  actionpack (4.0.2) lib/abstract_controller/base.rb:136:in `process'
  actionpack (4.0.2) lib/abstract_controller/rendering.rb:44:in `process'
  actionpack (4.0.2) lib/action_controller/metal.rb:195:in `dispatch'
  actionpack (4.0.2) lib/action_controller/metal/rack_delegation.rb:13:in `dispatch'
  actionpack (4.0.2) lib/action_controller/metal.rb:231:in `block in action'
  actionpack (4.0.2) lib/action_dispatch/routing/route_set.rb:80:in `dispatch'
  actionpack (4.0.2) lib/action_dispatch/routing/route_set.rb:48:in `call'
  actionpack (4.0.2) lib/action_dispatch/journey/router.rb:71:in `block in call'
  actionpack (4.0.2) lib/action_dispatch/journey/router.rb:59:in `call'
  actionpack (4.0.2) lib/action_dispatch/routing/route_set.rb:680:in `call'
  rack (1.5.5) lib/rack/etag.rb:23:in `call'
  rack (1.5.5) lib/rack/conditionalget.rb:35:in `call'
  rack (1.5.5) lib/rack/head.rb:11:in `call'
  actionpack (4.0.2) lib/action_dispatch/middleware/params_parser.rb:27:in `call'
  actionpack (4.0.2) lib/action_dispatch/middleware/flash.rb:241:in `call'
  rack (1.5.5) lib/rack/session/abstract/id.rb:225:in `context'
  rack (1.5.5) lib/rack/session/abstract/id.rb:220:in `call'
  actionpack (4.0.2) lib/action_dispatch/middleware/cookies.rb:486:in `call'
  activerecord (4.0.2) lib/active_record/query_cache.rb:36:in `call'
  activerecord (4.0.2) lib/active_record/connection_adapters/abstract/connection_pool.rb:626:in `call'
  activerecord (4.0.2) lib/active_record/migration.rb:369:in `call'
  actionpack (4.0.2) lib/action_dispatch/middleware/callbacks.rb:29:in `block in call'
  activesupport (4.0.2) lib/active_support/callbacks.rb:373:in `_run__1207311034801254616__call__callbacks'
  activesupport (4.0.2) lib/active_support/callbacks.rb:80:in `run_callbacks'
  actionpack (4.0.2) lib/action_dispatch/middleware/callbacks.rb:27:in `call'
  actionpack (4.0.2) lib/action_dispatch/middleware/reloader.rb:64:in `call'
  actionpack (4.0.2) lib/action_dispatch/middleware/remote_ip.rb:76:in `call'
  better_errors (2.1.1) lib/better_errors/middleware.rb:84:in `protected_app_call'
  better_errors (2.1.1) lib/better_errors/middleware.rb:79:in `better_errors_call'
  better_errors (2.1.1) lib/better_errors/middleware.rb:57:in `call'
  actionpack (4.0.2) lib/action_dispatch/middleware/debug_exceptions.rb:17:in `call'
  actionpack (4.0.2) lib/action_dispatch/middleware/show_exceptions.rb:30:in `call'
  railties (4.0.2) lib/rails/rack/logger.rb:38:in `call_app'
  railties (4.0.2) lib/rails/rack/logger.rb:20:in `block in call'
  activesupport (4.0.2) lib/active_support/tagged_logging.rb:67:in `block in tagged'
  activesupport (4.0.2) lib/active_support/tagged_logging.rb:25:in `tagged'
  activesupport (4.0.2) lib/active_support/tagged_logging.rb:67:in `tagged'
  railties (4.0.2) lib/rails/rack/logger.rb:20:in `call'
  actionpack (4.0.2) lib/action_dispatch/middleware/request_id.rb:21:in `call'
  rack (1.5.5) lib/rack/methodoverride.rb:21:in `call'
  rack (1.5.5) lib/rack/runtime.rb:17:in `call'
  activesupport (4.0.2) lib/active_support/cache/strategy/local_cache.rb:83:in `call'
  rack (1.5.5) lib/rack/lock.rb:17:in `call'
  actionpack (4.0.2) lib/action_dispatch/middleware/static.rb:64:in `call'
  rack (1.5.5) lib/rack/sendfile.rb:112:in `call'
  railties (4.0.2) lib/rails/engine.rb:511:in `call'
  railties (4.0.2) lib/rails/application.rb:97:in `call'
  rack (1.5.5) lib/rack/lock.rb:17:in `call'
  rack (1.5.5) lib/rack/content_length.rb:14:in `call'
  rack (1.5.5) lib/rack/handler/webrick.rb:60:in `service'
  /home/wolfy858/.rbenv/versions/2.2.3/lib/ruby/2.2.0/webrick/httpserver.rb:138:in `service'
  /home/wolfy858/.rbenv/versions/2.2.3/lib/ruby/2.2.0/webrick/httpserver.rb:94:in `run'
  /home/wolfy858/.rbenv/versions/2.2.3/lib/ruby/2.2.0/webrick/server.rb:294:in `block in start_thread'



Started POST "/__better_errors/a013f22d7efe17c4/variables" for 127.0.0.1 at 2016-06-20 22:13:56 -0700


Started PUT "/user/counter" for 127.0.0.1 at 2016-06-20 22:14:08 -0700
Processing by CountersController#update as HTML
  Parameters: {"_my_csrf_token"=>"d5xFWYkJeUtMOVCoD_XWIA", "authenticity_token"=>"W5T8qt0QERqYOqEoX66n/LB2PcH2aNOuqXwMQAoc2Rc=", "user"=>{"counter"=>"50"}}
  [1m[35mUser Load (0.2ms)[0m  SELECT "users".* FROM "users" WHERE "users"."session_token" = '_hyZGlGTOINi9jm-dMRWYQ' LIMIT 1
  [1m[36m (0.1ms)[0m  [1mbegin transaction[0m
  [1m[35mSQL (0.3ms)[0m  UPDATE "users" SET "counter" = ?, "updated_at" = ? WHERE "users"."id" = 1  [["counter", 50], ["updated_at", Tue, 21 Jun 2016 05:14:08 UTC +00:00]]
  [1m[36m (133.7ms)[0m  [1mcommit transaction[0m
Redirected to http://localhost:3000/user
Completed 302 Found in 146ms (ActiveRecord: 135.0ms)


Started GET "/user" for 127.0.0.1 at 2016-06-20 22:14:08 -0700
Processing by UsersController#show as HTML
  [1m[35mUser Load (0.2ms)[0m  SELECT "users".* FROM "users" WHERE "users"."session_token" = '_hyZGlGTOINi9jm-dMRWYQ' LIMIT 1
  Rendered users/show.html.erb within layouts/application (0.2ms)
Completed 200 OK in 6ms (Views: 3.8ms | ActiveRecord: 0.2ms)


Started GET "/assets/jquery.js?body=1" for 127.0.0.1 at 2016-06-20 22:14:08 -0700


Started GET "/assets/turbolinks.js?body=1" for 127.0.0.1 at 2016-06-20 22:14:08 -0700


Started GET "/assets/jquery_ujs.js?body=1" for 127.0.0.1 at 2016-06-20 22:14:08 -0700


Started GET "/assets/application.js?body=1" for 127.0.0.1 at 2016-06-20 22:14:08 -0700


Started GET "/assets/application.css?body=1" for 127.0.0.1 at 2016-06-20 22:14:08 -0700


Started PUT "/user/counter" for 127.0.0.1 at 2016-06-20 22:14:15 -0700
Processing by CountersController#update as HTML
  Parameters: {"_my_csrf_token"=>"d5xFWYkJeUtMOVCoD_XWIA", "authenticity_token"=>"W5T8qt0QERqYOqEoX66n/LB2PcH2aNOuqXwMQAoc2Rc=", "user"=>{"counter"=>"45"}}
  [1m[36mUser Load (0.4ms)[0m  [1mSELECT "users".* FROM "users" WHERE "users"."session_token" = '_hyZGlGTOINi9jm-dMRWYQ' LIMIT 1[0m
  [1m[35m (0.2ms)[0m  begin transaction
  [1m[36mSQL (0.4ms)[0m  [1mUPDATE "users" SET "counter" = ?, "updated_at" = ? WHERE "users"."id" = 1[0m  [["counter", 45], ["updated_at", Tue, 21 Jun 2016 05:14:15 UTC +00:00]]
  [1m[35m (128.6ms)[0m  commit transaction
Redirected to http://localhost:3000/user
Completed 302 Found in 135ms (ActiveRecord: 129.6ms)


Started GET "/user" for 127.0.0.1 at 2016-06-20 22:14:15 -0700
Processing by UsersController#show as HTML
  [1m[36mUser Load (0.2ms)[0m  [1mSELECT "users".* FROM "users" WHERE "users"."session_token" = '_hyZGlGTOINi9jm-dMRWYQ' LIMIT 1[0m
  Rendered users/show.html.erb within layouts/application (0.1ms)
Completed 200 OK in 5ms (Views: 3.9ms | ActiveRecord: 0.2ms)


Started GET "/assets/jquery.js?body=1" for 127.0.0.1 at 2016-06-20 22:14:15 -0700


Started GET "/assets/jquery_ujs.js?body=1" for 127.0.0.1 at 2016-06-20 22:14:15 -0700


Started GET "/assets/application.js?body=1" for 127.0.0.1 at 2016-06-20 22:14:15 -0700


Started GET "/assets/turbolinks.js?body=1" for 127.0.0.1 at 2016-06-20 22:14:15 -0700


Started GET "/assets/application.css?body=1" for 127.0.0.1 at 2016-06-20 22:14:15 -0700


Started PUT "/user/counter" for 127.0.0.1 at 2016-06-20 22:14:31 -0700
Processing by CountersController#update as HTML
  Parameters: {"user"=>{"counter"=>"-1"}}
Completed 500 Internal Server Error in 1ms

RuntimeError - YOU ARE BEING CSRF ATTACKED!!!:
  app/controllers/application_controller.rb:17:in `validate_csrf_token'
  activesupport (4.0.2) lib/active_support/callbacks.rb:397:in `_run__1704247820155089036__process_action__callbacks'
  activesupport (4.0.2) lib/active_support/callbacks.rb:80:in `run_callbacks'
  actionpack (4.0.2) lib/abstract_controller/callbacks.rb:17:in `process_action'
  actionpack (4.0.2) lib/action_controller/metal/rescue.rb:29:in `process_action'
  actionpack (4.0.2) lib/action_controller/metal/instrumentation.rb:31:in `block in process_action'
  activesupport (4.0.2) lib/active_support/notifications.rb:159:in `block in instrument'
  activesupport (4.0.2) lib/active_support/notifications/instrumenter.rb:20:in `instrument'
  activesupport (4.0.2) lib/active_support/notifications.rb:159:in `instrument'
  actionpack (4.0.2) lib/action_controller/metal/instrumentation.rb:30:in `process_action'
  actionpack (4.0.2) lib/action_controller/metal/params_wrapper.rb:245:in `process_action'
  activerecord (4.0.2) lib/active_record/railties/controller_runtime.rb:18:in `process_action'
  actionpack (4.0.2) lib/abstract_controller/base.rb:136:in `process'
  actionpack (4.0.2) lib/abstract_controller/rendering.rb:44:in `process'
  actionpack (4.0.2) lib/action_controller/metal.rb:195:in `dispatch'
  actionpack (4.0.2) lib/action_controller/metal/rack_delegation.rb:13:in `dispatch'
  actionpack (4.0.2) lib/action_controller/metal.rb:231:in `block in action'
  actionpack (4.0.2) lib/action_dispatch/routing/route_set.rb:80:in `dispatch'
  actionpack (4.0.2) lib/action_dispatch/routing/route_set.rb:48:in `call'
  actionpack (4.0.2) lib/action_dispatch/journey/router.rb:71:in `block in call'
  actionpack (4.0.2) lib/action_dispatch/journey/router.rb:59:in `call'
  actionpack (4.0.2) lib/action_dispatch/routing/route_set.rb:680:in `call'
  rack (1.5.5) lib/rack/etag.rb:23:in `call'
  rack (1.5.5) lib/rack/conditionalget.rb:35:in `call'
  rack (1.5.5) lib/rack/head.rb:11:in `call'
  actionpack (4.0.2) lib/action_dispatch/middleware/params_parser.rb:27:in `call'
  actionpack (4.0.2) lib/action_dispatch/middleware/flash.rb:241:in `call'
  rack (1.5.5) lib/rack/session/abstract/id.rb:225:in `context'
  rack (1.5.5) lib/rack/session/abstract/id.rb:220:in `call'
  actionpack (4.0.2) lib/action_dispatch/middleware/cookies.rb:486:in `call'
  activerecord (4.0.2) lib/active_record/query_cache.rb:36:in `call'
  activerecord (4.0.2) lib/active_record/connection_adapters/abstract/connection_pool.rb:626:in `call'
  activerecord (4.0.2) lib/active_record/migration.rb:369:in `call'
  actionpack (4.0.2) lib/action_dispatch/middleware/callbacks.rb:29:in `block in call'
  activesupport (4.0.2) lib/active_support/callbacks.rb:373:in `_run__1207311034801254616__call__callbacks'
  activesupport (4.0.2) lib/active_support/callbacks.rb:80:in `run_callbacks'
  actionpack (4.0.2) lib/action_dispatch/middleware/callbacks.rb:27:in `call'
  actionpack (4.0.2) lib/action_dispatch/middleware/reloader.rb:64:in `call'
  actionpack (4.0.2) lib/action_dispatch/middleware/remote_ip.rb:76:in `call'
  better_errors (2.1.1) lib/better_errors/middleware.rb:84:in `protected_app_call'
  better_errors (2.1.1) lib/better_errors/middleware.rb:79:in `better_errors_call'
  better_errors (2.1.1) lib/better_errors/middleware.rb:57:in `call'
  actionpack (4.0.2) lib/action_dispatch/middleware/debug_exceptions.rb:17:in `call'
  actionpack (4.0.2) lib/action_dispatch/middleware/show_exceptions.rb:30:in `call'
  railties (4.0.2) lib/rails/rack/logger.rb:38:in `call_app'
  railties (4.0.2) lib/rails/rack/logger.rb:20:in `block in call'
  activesupport (4.0.2) lib/active_support/tagged_logging.rb:67:in `block in tagged'
  activesupport (4.0.2) lib/active_support/tagged_logging.rb:25:in `tagged'
  activesupport (4.0.2) lib/active_support/tagged_logging.rb:67:in `tagged'
  railties (4.0.2) lib/rails/rack/logger.rb:20:in `call'
  actionpack (4.0.2) lib/action_dispatch/middleware/request_id.rb:21:in `call'
  rack (1.5.5) lib/rack/methodoverride.rb:21:in `call'
  rack (1.5.5) lib/rack/runtime.rb:17:in `call'
  activesupport (4.0.2) lib/active_support/cache/strategy/local_cache.rb:83:in `call'
  rack (1.5.5) lib/rack/lock.rb:17:in `call'
  actionpack (4.0.2) lib/action_dispatch/middleware/static.rb:64:in `call'
  rack (1.5.5) lib/rack/sendfile.rb:112:in `call'
  railties (4.0.2) lib/rails/engine.rb:511:in `call'
  railties (4.0.2) lib/rails/application.rb:97:in `call'
  rack (1.5.5) lib/rack/lock.rb:17:in `call'
  rack (1.5.5) lib/rack/content_length.rb:14:in `call'
  rack (1.5.5) lib/rack/handler/webrick.rb:60:in `service'
  /home/wolfy858/.rbenv/versions/2.2.3/lib/ruby/2.2.0/webrick/httpserver.rb:138:in `service'
  /home/wolfy858/.rbenv/versions/2.2.3/lib/ruby/2.2.0/webrick/httpserver.rb:94:in `run'
  /home/wolfy858/.rbenv/versions/2.2.3/lib/ruby/2.2.0/webrick/server.rb:294:in `block in start_thread'



Started POST "/__better_errors/290754c5451cea56/variables" for 127.0.0.1 at 2016-06-20 22:14:32 -0700


Started GET "/user" for 127.0.0.1 at 2016-06-20 22:15:57 -0700
Processing by UsersController#show as HTML
  [1m[35mUser Load (0.1ms)[0m  SELECT "users".* FROM "users" WHERE "users"."session_token" = '_hyZGlGTOINi9jm-dMRWYQ' LIMIT 1
  Rendered users/show.html.erb within layouts/application (0.3ms)
Completed 200 OK in 13ms (Views: 3.8ms | ActiveRecord: 0.8ms)


Started GET "/assets/application.css?body=1" for 127.0.0.1 at 2016-06-20 22:15:57 -0700


Started GET "/assets/jquery.js?body=1" for 127.0.0.1 at 2016-06-20 22:15:57 -0700


Started GET "/assets/turbolinks.js?body=1" for 127.0.0.1 at 2016-06-20 22:15:57 -0700


Started GET "/assets/jquery_ujs.js?body=1" for 127.0.0.1 at 2016-06-20 22:15:57 -0700


Started GET "/assets/application.js?body=1" for 127.0.0.1 at 2016-06-20 22:15:57 -0700


Started PUT "/user/counter" for 127.0.0.1 at 2016-06-20 22:16:03 -0700
Processing by CountersController#update as HTML
  Parameters: {"user"=>{"counter"=>"-1"}}
  [1m[36mUser Load (0.3ms)[0m  [1mSELECT "users".* FROM "users" WHERE "users"."session_token" = '_hyZGlGTOINi9jm-dMRWYQ' LIMIT 1[0m
  [1m[35m (0.1ms)[0m  begin transaction
  [1m[36mSQL (0.5ms)[0m  [1mUPDATE "users" SET "counter" = ?, "updated_at" = ? WHERE "users"."id" = 1[0m  [["counter", -1], ["updated_at", Tue, 21 Jun 2016 05:16:03 UTC +00:00]]
  [1m[35m (127.4ms)[0m  commit transaction
Redirected to http://localhost:3000/user
Completed 302 Found in 134ms (ActiveRecord: 128.3ms)


Started GET "/user" for 127.0.0.1 at 2016-06-20 22:16:03 -0700
Processing by UsersController#show as HTML
  [1m[36mUser Load (0.5ms)[0m  [1mSELECT "users".* FROM "users" WHERE "users"."session_token" = '_hyZGlGTOINi9jm-dMRWYQ' LIMIT 1[0m
  Rendered users/show.html.erb within layouts/application (0.2ms)
Completed 200 OK in 7ms (Views: 4.8ms | ActiveRecord: 0.5ms)


Started GET "/assets/application.css?body=1" for 127.0.0.1 at 2016-06-20 22:16:03 -0700


Started GET "/assets/jquery.js?body=1" for 127.0.0.1 at 2016-06-20 22:16:03 -0700


Started GET "/assets/jquery_ujs.js?body=1" for 127.0.0.1 at 2016-06-20 22:16:03 -0700


Started GET "/assets/application.js?body=1" for 127.0.0.1 at 2016-06-20 22:16:03 -0700


Started GET "/assets/turbolinks.js?body=1" for 127.0.0.1 at 2016-06-20 22:16:03 -0700


Started GET "/user" for 127.0.0.1 at 2016-06-20 22:16:07 -0700
Processing by UsersController#show as HTML
  [1m[35mUser Load (0.3ms)[0m  SELECT "users".* FROM "users" WHERE "users"."session_token" = '_hyZGlGTOINi9jm-dMRWYQ' LIMIT 1
  Rendered users/show.html.erb within layouts/application (0.4ms)
Completed 200 OK in 12ms (Views: 8.9ms | ActiveRecord: 0.3ms)


Started GET "/assets/jquery.js?body=1" for 127.0.0.1 at 2016-06-20 22:16:07 -0700


Started GET "/assets/jquery_ujs.js?body=1" for 127.0.0.1 at 2016-06-20 22:16:07 -0700


Started GET "/assets/turbolinks.js?body=1" for 127.0.0.1 at 2016-06-20 22:16:07 -0700


Started GET "/assets/application.js?body=1" for 127.0.0.1 at 2016-06-20 22:16:07 -0700


Started GET "/assets/application.css?body=1" for 127.0.0.1 at 2016-06-20 22:16:07 -0700


Started GET "/user" for 127.0.0.1 at 2016-06-20 22:19:31 -0700
Processing by UsersController#show as HTML
  [1m[36mUser Load (0.2ms)[0m  [1mSELECT "users".* FROM "users" WHERE "users"."session_token" = '_hyZGlGTOINi9jm-dMRWYQ' LIMIT 1[0m
  Rendered users/show.html.erb within layouts/application (0.3ms)
Completed 200 OK in 7ms (Views: 5.6ms | ActiveRecord: 0.2ms)


Started GET "/assets/application.css?body=1" for 127.0.0.1 at 2016-06-20 22:19:31 -0700


Started GET "/assets/jquery_ujs.js?body=1" for 127.0.0.1 at 2016-06-20 22:19:31 -0700


Started GET "/assets/application.js?body=1" for 127.0.0.1 at 2016-06-20 22:19:31 -0700


Started GET "/assets/jquery.js?body=1" for 127.0.0.1 at 2016-06-20 22:19:31 -0700


Started GET "/assets/turbolinks.js?body=1" for 127.0.0.1 at 2016-06-20 22:19:31 -0700


Started DELETE "/session" for 127.0.0.1 at 2016-06-20 22:19:37 -0700
Processing by SessionsController#destroy as HTML
  Parameters: {"authenticity_token"=>"W5T8qt0QERqYOqEoX66n/LB2PcH2aNOuqXwMQAoc2Rc="}
Redirected to http://localhost:3000/session/new
Completed 302 Found in 2ms (ActiveRecord: 0.0ms)


Started GET "/session/new" for 127.0.0.1 at 2016-06-20 22:19:37 -0700
Processing by SessionsController#new as HTML
  Rendered sessions/new.html.erb within layouts/application (0.6ms)
Completed 200 OK in 6ms (Views: 5.6ms | ActiveRecord: 0.0ms)


Started GET "/assets/application.css?body=1" for 127.0.0.1 at 2016-06-20 22:19:38 -0700


Started GET "/assets/jquery_ujs.js?body=1" for 127.0.0.1 at 2016-06-20 22:19:38 -0700


Started GET "/assets/turbolinks.js?body=1" for 127.0.0.1 at 2016-06-20 22:19:38 -0700


Started GET "/assets/application.js?body=1" for 127.0.0.1 at 2016-06-20 22:19:38 -0700


Started GET "/assets/jquery.js?body=1" for 127.0.0.1 at 2016-06-20 22:19:38 -0700


Started POST "/session" for 127.0.0.1 at 2016-06-20 22:19:44 -0700
Processing by SessionsController#create as HTML
  Parameters: {"authenticity_token"=>"W5T8qt0QERqYOqEoX66n/LB2PcH2aNOuqXwMQAoc2Rc=", "user"=>{"username"=>"Wolfy858", "password"=>"[FILTERED]"}}
  [1m[35mUser Load (0.3ms)[0m  SELECT "users".* FROM "users" WHERE "users"."username" = 'Wolfy858' LIMIT 1
  [1m[36m (0.1ms)[0m  [1mbegin transaction[0m
  [1m[35mSQL (0.3ms)[0m  UPDATE "users" SET "session_token" = ?, "updated_at" = ? WHERE "users"."id" = 1  [["session_token", "wfLaSGEQQJpjdyQu-nCOPg"], ["updated_at", Tue, 21 Jun 2016 05:19:44 UTC +00:00]]
  [1m[36m (131.8ms)[0m  [1mcommit transaction[0m
Redirected to http://localhost:3000/user
Completed 302 Found in 247ms (ActiveRecord: 132.5ms)


Started GET "/user" for 127.0.0.1 at 2016-06-20 22:19:44 -0700
Processing by UsersController#show as HTML
  [1m[35mUser Load (0.3ms)[0m  SELECT "users".* FROM "users" WHERE "users"."session_token" = 'wfLaSGEQQJpjdyQu-nCOPg' LIMIT 1
  Rendered users/show.html.erb within layouts/application (0.2ms)
Completed 200 OK in 6ms (Views: 4.9ms | ActiveRecord: 0.3ms)


Started GET "/assets/application.css?body=1" for 127.0.0.1 at 2016-06-20 22:19:44 -0700


Started GET "/assets/jquery.js?body=1" for 127.0.0.1 at 2016-06-20 22:19:44 -0700


Started GET "/assets/application.js?body=1" for 127.0.0.1 at 2016-06-20 22:19:44 -0700


Started GET "/assets/jquery_ujs.js?body=1" for 127.0.0.1 at 2016-06-20 22:19:44 -0700


Started GET "/assets/turbolinks.js?body=1" for 127.0.0.1 at 2016-06-20 22:19:44 -0700


Started PUT "/user/counter" for 127.0.0.1 at 2016-06-20 22:19:48 -0700
Processing by CountersController#update as HTML
  Parameters: {"_my_csrf_token"=>"d5xFWYkJeUtMOVCoD_XWIA", "authenticity_token"=>"W5T8qt0QERqYOqEoX66n/LB2PcH2aNOuqXwMQAoc2Rc=", "user"=>{"counter"=>"56"}}
  [1m[36mUser Load (0.4ms)[0m  [1mSELECT "users".* FROM "users" WHERE "users"."session_token" = 'wfLaSGEQQJpjdyQu-nCOPg' LIMIT 1[0m
  [1m[35m (0.1ms)[0m  begin transaction
  [1m[36mSQL (0.4ms)[0m  [1mUPDATE "users" SET "counter" = ?, "updated_at" = ? WHERE "users"."id" = 1[0m  [["counter", 56], ["updated_at", Tue, 21 Jun 2016 05:19:48 UTC +00:00]]
  [1m[35m (129.9ms)[0m  commit transaction
Redirected to http://localhost:3000/user
Completed 302 Found in 136ms (ActiveRecord: 130.8ms)


Started GET "/user" for 127.0.0.1 at 2016-06-20 22:19:48 -0700
Processing by UsersController#show as HTML
  [1m[36mUser Load (0.3ms)[0m  [1mSELECT "users".* FROM "users" WHERE "users"."session_token" = 'wfLaSGEQQJpjdyQu-nCOPg' LIMIT 1[0m
  Rendered users/show.html.erb within layouts/application (0.2ms)
Completed 200 OK in 8ms (Views: 6.1ms | ActiveRecord: 0.3ms)


Started GET "/assets/application.css?body=1" for 127.0.0.1 at 2016-06-20 22:19:48 -0700


Started GET "/assets/jquery.js?body=1" for 127.0.0.1 at 2016-06-20 22:19:48 -0700


Started GET "/assets/jquery_ujs.js?body=1" for 127.0.0.1 at 2016-06-20 22:19:48 -0700


Started GET "/assets/turbolinks.js?body=1" for 127.0.0.1 at 2016-06-20 22:19:48 -0700


Started GET "/assets/application.js?body=1" for 127.0.0.1 at 2016-06-20 22:19:48 -0700


Started GET "/user" for 127.0.0.1 at 2016-06-22 21:01:25 -0700
  [1m[36mActiveRecord::SchemaMigration Load (0.1ms)[0m  [1mSELECT "schema_migrations".* FROM "schema_migrations"[0m
Processing by UsersController#show as HTML
  [1m[35mUser Load (0.1ms)[0m  SELECT "users".* FROM "users" WHERE "users"."session_token" = 'wfLaSGEQQJpjdyQu-nCOPg' LIMIT 1
  Rendered users/show.html.erb within layouts/application (1.3ms)
Completed 200 OK in 53ms (Views: 35.4ms | ActiveRecord: 0.5ms)


Started GET "/assets/jquery.js?body=1" for 127.0.0.1 at 2016-06-22 21:01:25 -0700


Started GET "/assets/turbolinks.js?body=1" for 127.0.0.1 at 2016-06-22 21:01:25 -0700


Started GET "/assets/jquery_ujs.js?body=1" for 127.0.0.1 at 2016-06-22 21:01:25 -0700


Started GET "/assets/application.js?body=1" for 127.0.0.1 at 2016-06-22 21:01:25 -0700


Started GET "/assets/application.css?body=1" for 127.0.0.1 at 2016-06-22 21:01:25 -0700


Started GET "/" for 127.0.0.1 at 2016-06-22 21:01:34 -0700
Processing by Rails::WelcomeController#index as HTML
  Rendered /home/wolfy858/.rbenv/versions/2.2.3/lib/ruby/gems/2.2.0/gems/railties-4.0.2/lib/rails/templates/rails/welcome/index.html.erb (1.1ms)
Completed 200 OK in 5ms (Views: 3.9ms | ActiveRecord: 0.0ms)


Started GET "/users" for 127.0.0.1 at 2016-06-22 21:01:37 -0700

ActionController::RoutingError (No route matches [GET] "/users"):
  actionpack (4.0.2) lib/action_dispatch/middleware/debug_exceptions.rb:21:in `call'
  actionpack (4.0.2) lib/action_dispatch/middleware/show_exceptions.rb:30:in `call'
  railties (4.0.2) lib/rails/rack/logger.rb:38:in `call_app'
  railties (4.0.2) lib/rails/rack/logger.rb:20:in `block in call'
  activesupport (4.0.2) lib/active_support/tagged_logging.rb:67:in `block in tagged'
  activesupport (4.0.2) lib/active_support/tagged_logging.rb:25:in `tagged'
  activesupport (4.0.2) lib/active_support/tagged_logging.rb:67:in `tagged'
  railties (4.0.2) lib/rails/rack/logger.rb:20:in `call'
  actionpack (4.0.2) lib/action_dispatch/middleware/request_id.rb:21:in `call'
  rack (1.5.5) lib/rack/methodoverride.rb:21:in `call'
  rack (1.5.5) lib/rack/runtime.rb:17:in `call'
  activesupport (4.0.2) lib/active_support/cache/strategy/local_cache.rb:83:in `call'
  rack (1.5.5) lib/rack/lock.rb:17:in `call'
  actionpack (4.0.2) lib/action_dispatch/middleware/static.rb:64:in `call'
  rack (1.5.5) lib/rack/sendfile.rb:112:in `call'
  railties (4.0.2) lib/rails/engine.rb:511:in `call'
  railties (4.0.2) lib/rails/application.rb:97:in `call'
  rack (1.5.5) lib/rack/lock.rb:17:in `call'
  rack (1.5.5) lib/rack/content_length.rb:14:in `call'
  rack (1.5.5) lib/rack/handler/webrick.rb:60:in `service'
  /home/wolfy858/.rbenv/versions/2.2.3/lib/ruby/2.2.0/webrick/httpserver.rb:138:in `service'
  /home/wolfy858/.rbenv/versions/2.2.3/lib/ruby/2.2.0/webrick/httpserver.rb:94:in `run'
  /home/wolfy858/.rbenv/versions/2.2.3/lib/ruby/2.2.0/webrick/server.rb:294:in `block in start_thread'


  Rendered /home/wolfy858/.rbenv/versions/2.2.3/lib/ruby/gems/2.2.0/gems/actionpack-4.0.2/lib/action_dispatch/middleware/templates/rescues/_trace.erb (1.7ms)
  Rendered /home/wolfy858/.rbenv/versions/2.2.3/lib/ruby/gems/2.2.0/gems/actionpack-4.0.2/lib/action_dispatch/middleware/templates/routes/_route.html.erb (2.0ms)
  Rendered /home/wolfy858/.rbenv/versions/2.2.3/lib/ruby/gems/2.2.0/gems/actionpack-4.0.2/lib/action_dispatch/middleware/templates/routes/_table.html.erb (5.2ms)
  Rendered /home/wolfy858/.rbenv/versions/2.2.3/lib/ruby/gems/2.2.0/gems/actionpack-4.0.2/lib/action_dispatch/middleware/templates/rescues/routing_error.erb within rescues/layout (34.4ms)


Started GET "/user" for 127.0.0.1 at 2016-06-22 21:01:40 -0700
Processing by UsersController#show as HTML
  [1m[36mUser Load (0.3ms)[0m  [1mSELECT "users".* FROM "users" WHERE "users"."session_token" = 'wfLaSGEQQJpjdyQu-nCOPg' LIMIT 1[0m
  Rendered users/show.html.erb within layouts/application (0.2ms)
Completed 200 OK in 7ms (Views: 4.8ms | ActiveRecord: 0.3ms)


Started GET "/assets/jquery.js?body=1" for 127.0.0.1 at 2016-06-22 21:01:40 -0700


Started GET "/assets/jquery_ujs.js?body=1" for 127.0.0.1 at 2016-06-22 21:01:40 -0700


Started GET "/assets/turbolinks.js?body=1" for 127.0.0.1 at 2016-06-22 21:01:40 -0700


Started GET "/assets/application.js?body=1" for 127.0.0.1 at 2016-06-22 21:01:40 -0700


Started GET "/assets/application.css?body=1" for 127.0.0.1 at 2016-06-22 21:01:40 -0700


Started DELETE "/session" for 127.0.0.1 at 2016-06-22 21:01:41 -0700
Processing by SessionsController#destroy as HTML
  Parameters: {"authenticity_token"=>"W5T8qt0QERqYOqEoX66n/LB2PcH2aNOuqXwMQAoc2Rc="}
Redirected to http://localhost:3000/session/new
Completed 302 Found in 1ms (ActiveRecord: 0.0ms)


Started GET "/session/new" for 127.0.0.1 at 2016-06-22 21:01:41 -0700
Processing by SessionsController#new as HTML
  Rendered sessions/new.html.erb within layouts/application (0.7ms)
Completed 200 OK in 6ms (Views: 5.4ms | ActiveRecord: 0.0ms)


Started GET "/assets/jquery.js?body=1" for 127.0.0.1 at 2016-06-22 21:01:42 -0700


Started GET "/assets/turbolinks.js?body=1" for 127.0.0.1 at 2016-06-22 21:01:42 -0700


Started GET "/assets/jquery_ujs.js?body=1" for 127.0.0.1 at 2016-06-22 21:01:42 -0700


Started GET "/assets/application.js?body=1" for 127.0.0.1 at 2016-06-22 21:01:42 -0700


Started GET "/assets/application.css?body=1" for 127.0.0.1 at 2016-06-22 21:01:42 -0700


Started POST "/session" for 127.0.0.1 at 2016-06-22 21:01:46 -0700
Processing by SessionsController#create as HTML
  Parameters: {"authenticity_token"=>"W5T8qt0QERqYOqEoX66n/LB2PcH2aNOuqXwMQAoc2Rc=", "user"=>{"username"=>"Wolfy858", "password"=>"[FILTERED]"}}
  [1m[35mUser Load (0.2ms)[0m  SELECT "users".* FROM "users" WHERE "users"."username" = 'Wolfy858' LIMIT 1
  [1m[36m (0.1ms)[0m  [1mbegin transaction[0m
  [1m[35mSQL (2.8ms)[0m  UPDATE "users" SET "session_token" = ?, "updated_at" = ? WHERE "users"."id" = 1  [["session_token", "b7LwajzHhu1XYvB2OCtT6A"], ["updated_at", Thu, 23 Jun 2016 04:01:46 UTC +00:00]]
  [1m[36m (103.9ms)[0m  [1mcommit transaction[0m
Redirected to http://localhost:3000/user
Completed 302 Found in 196ms (ActiveRecord: 106.9ms)


Started GET "/user" for 127.0.0.1 at 2016-06-22 21:01:46 -0700
Processing by UsersController#show as HTML
  [1m[35mUser Load (0.3ms)[0m  SELECT "users".* FROM "users" WHERE "users"."session_token" = 'b7LwajzHhu1XYvB2OCtT6A' LIMIT 1
  Rendered users/show.html.erb within layouts/application (0.2ms)
Completed 200 OK in 7ms (Views: 5.0ms | ActiveRecord: 0.3ms)


Started GET "/assets/application.css?body=1" for 127.0.0.1 at 2016-06-22 21:01:46 -0700


Started GET "/assets/jquery_ujs.js?body=1" for 127.0.0.1 at 2016-06-22 21:01:46 -0700


Started GET "/assets/jquery.js?body=1" for 127.0.0.1 at 2016-06-22 21:01:46 -0700


Started GET "/assets/turbolinks.js?body=1" for 127.0.0.1 at 2016-06-22 21:01:46 -0700


Started GET "/assets/application.js?body=1" for 127.0.0.1 at 2016-06-22 21:01:46 -0700


Started PUT "/user/counter" for 127.0.0.1 at 2016-06-22 21:01:50 -0700
Processing by CountersController#update as HTML
  Parameters: {"_my_csrf_token"=>"d5xFWYkJeUtMOVCoD_XWIA", "authenticity_token"=>"W5T8qt0QERqYOqEoX66n/LB2PcH2aNOuqXwMQAoc2Rc=", "user"=>{"counter"=>"66"}}
  [1m[36mUser Load (0.2ms)[0m  [1mSELECT "users".* FROM "users" WHERE "users"."session_token" = 'b7LwajzHhu1XYvB2OCtT6A' LIMIT 1[0m
  [1m[35m (0.1ms)[0m  begin transaction
  [1m[36mSQL (0.3ms)[0m  [1mUPDATE "users" SET "counter" = ?, "updated_at" = ? WHERE "users"."id" = 1[0m  [["counter", 66], ["updated_at", Thu, 23 Jun 2016 04:01:50 UTC +00:00]]
  [1m[35m (243.5ms)[0m  commit transaction
Redirected to http://localhost:3000/user
Completed 302 Found in 248ms (ActiveRecord: 244.1ms)


Started GET "/user" for 127.0.0.1 at 2016-06-22 21:01:50 -0700
Processing by UsersController#show as HTML
  [1m[36mUser Load (0.3ms)[0m  [1mSELECT "users".* FROM "users" WHERE "users"."session_token" = 'b7LwajzHhu1XYvB2OCtT6A' LIMIT 1[0m
  Rendered users/show.html.erb within layouts/application (0.2ms)
Completed 200 OK in 8ms (Views: 5.7ms | ActiveRecord: 0.3ms)


Started GET "/assets/application.css?body=1" for 127.0.0.1 at 2016-06-22 21:01:50 -0700


Started GET "/assets/jquery.js?body=1" for 127.0.0.1 at 2016-06-22 21:01:50 -0700


Started GET "/assets/application.js?body=1" for 127.0.0.1 at 2016-06-22 21:01:50 -0700


Started GET "/assets/turbolinks.js?body=1" for 127.0.0.1 at 2016-06-22 21:01:50 -0700


Started GET "/assets/jquery_ujs.js?body=1" for 127.0.0.1 at 2016-06-22 21:01:50 -0700


Started PUT "/user/counter" for 127.0.0.1 at 2016-06-22 21:02:13 -0700
Processing by CountersController#update as HTML
  Parameters: {"user"=>{"counter"=>"-1"}}
  [1m[35mUser Load (0.4ms)[0m  SELECT "users".* FROM "users" WHERE "users"."session_token" = 'b7LwajzHhu1XYvB2OCtT6A' LIMIT 1
  [1m[36m (0.1ms)[0m  [1mbegin transaction[0m
  [1m[35mSQL (0.5ms)[0m  UPDATE "users" SET "counter" = ?, "updated_at" = ? WHERE "users"."id" = 1  [["counter", -1], ["updated_at", Thu, 23 Jun 2016 04:02:13 UTC +00:00]]
  [1m[36m (134.9ms)[0m  [1mcommit transaction[0m
Redirected to http://localhost:3000/user
Completed 302 Found in 142ms (ActiveRecord: 136.0ms)


Started GET "/user" for 127.0.0.1 at 2016-06-22 21:02:13 -0700
Processing by UsersController#show as HTML
  [1m[35mUser Load (0.3ms)[0m  SELECT "users".* FROM "users" WHERE "users"."session_token" = 'b7LwajzHhu1XYvB2OCtT6A' LIMIT 1
  Rendered users/show.html.erb within layouts/application (0.2ms)
Completed 200 OK in 8ms (Views: 5.9ms | ActiveRecord: 0.3ms)


Started GET "/assets/jquery.js?body=1" for 127.0.0.1 at 2016-06-22 21:02:13 -0700


Started GET "/assets/jquery_ujs.js?body=1" for 127.0.0.1 at 2016-06-22 21:02:13 -0700


Started GET "/assets/application.js?body=1" for 127.0.0.1 at 2016-06-22 21:02:13 -0700


Started GET "/assets/turbolinks.js?body=1" for 127.0.0.1 at 2016-06-22 21:02:13 -0700


Started GET "/assets/application.css?body=1" for 127.0.0.1 at 2016-06-22 21:02:13 -0700


Started GET "/user" for 127.0.0.1 at 2016-06-22 21:02:18 -0700
Processing by UsersController#show as HTML
  [1m[36mUser Load (0.3ms)[0m  [1mSELECT "users".* FROM "users" WHERE "users"."session_token" = 'b7LwajzHhu1XYvB2OCtT6A' LIMIT 1[0m
  Rendered users/show.html.erb within layouts/application (0.2ms)
Completed 200 OK in 9ms (Views: 7.1ms | ActiveRecord: 0.3ms)


Started GET "/assets/jquery.js?body=1" for 127.0.0.1 at 2016-06-22 21:02:18 -0700


Started GET "/assets/application.css?body=1" for 127.0.0.1 at 2016-06-22 21:02:18 -0700


Started GET "/assets/jquery_ujs.js?body=1" for 127.0.0.1 at 2016-06-22 21:02:18 -0700


Started GET "/assets/application.js?body=1" for 127.0.0.1 at 2016-06-22 21:02:18 -0700


Started GET "/assets/turbolinks.js?body=1" for 127.0.0.1 at 2016-06-22 21:02:18 -0700


Started PUT "/user/counter" for 127.0.0.1 at 2016-06-22 21:02:27 -0700
Processing by CountersController#update as HTML
  Parameters: {"_my_csrf_token"=>"d5xFWYkJeUtMOVCoD_XWIA", "authenticity_token"=>"W5T8qt0QERqYOqEoX66n/LB2PcH2aNOuqXwMQAoc2Rc=", "user"=>{"counter"=>"55"}}
  [1m[35mUser Load (0.3ms)[0m  SELECT "users".* FROM "users" WHERE "users"."session_token" = 'b7LwajzHhu1XYvB2OCtT6A' LIMIT 1
  [1m[36m (0.1ms)[0m  [1mbegin transaction[0m
  [1m[35mSQL (0.4ms)[0m  UPDATE "users" SET "counter" = ?, "updated_at" = ? WHERE "users"."id" = 1  [["counter", 55], ["updated_at", Thu, 23 Jun 2016 04:02:27 UTC +00:00]]
  [1m[36m (128.5ms)[0m  [1mcommit transaction[0m
Redirected to http://localhost:3000/user
Completed 302 Found in 134ms (ActiveRecord: 129.4ms)


Started GET "/user" for 127.0.0.1 at 2016-06-22 21:02:27 -0700
Processing by UsersController#show as HTML
  [1m[35mUser Load (0.4ms)[0m  SELECT "users".* FROM "users" WHERE "users"."session_token" = 'b7LwajzHhu1XYvB2OCtT6A' LIMIT 1
  Rendered users/show.html.erb within layouts/application (0.2ms)
Completed 200 OK in 7ms (Views: 5.5ms | ActiveRecord: 0.4ms)


Started GET "/assets/application.css?body=1" for 127.0.0.1 at 2016-06-22 21:02:27 -0700


Started GET "/assets/jquery.js?body=1" for 127.0.0.1 at 2016-06-22 21:02:27 -0700


Started GET "/assets/application.js?body=1" for 127.0.0.1 at 2016-06-22 21:02:27 -0700


Started GET "/assets/jquery_ujs.js?body=1" for 127.0.0.1 at 2016-06-22 21:02:27 -0700


Started GET "/assets/turbolinks.js?body=1" for 127.0.0.1 at 2016-06-22 21:02:27 -0700


Started PUT "/user/counter" for 127.0.0.1 at 2016-06-22 21:02:32 -0700
Processing by CountersController#update as HTML
  Parameters: {"_my_csrf_token"=>"d5xFWYkJeUtMOVCoD_XWIA", "authenticity_token"=>"W5T8qt0QERqYOqEoX66n/LB2PcH2aNOuqXwMQAoc2Rc=", "user"=>{"counter"=>"100"}}
  [1m[36mUser Load (0.3ms)[0m  [1mSELECT "users".* FROM "users" WHERE "users"."session_token" = 'b7LwajzHhu1XYvB2OCtT6A' LIMIT 1[0m
  [1m[35m (0.1ms)[0m  begin transaction
  [1m[36mSQL (0.4ms)[0m  [1mUPDATE "users" SET "counter" = ?, "updated_at" = ? WHERE "users"."id" = 1[0m  [["counter", 100], ["updated_at", Thu, 23 Jun 2016 04:02:32 UTC +00:00]]
  [1m[35m (134.1ms)[0m  commit transaction
Redirected to http://localhost:3000/user
Completed 302 Found in 139ms (ActiveRecord: 134.9ms)


Started GET "/user" for 127.0.0.1 at 2016-06-22 21:02:32 -0700
Processing by UsersController#show as HTML
  [1m[36mUser Load (0.3ms)[0m  [1mSELECT "users".* FROM "users" WHERE "users"."session_token" = 'b7LwajzHhu1XYvB2OCtT6A' LIMIT 1[0m
  Rendered users/show.html.erb within layouts/application (0.2ms)
Completed 200 OK in 7ms (Views: 4.9ms | ActiveRecord: 0.3ms)


Started GET "/assets/turbolinks.js?body=1" for 127.0.0.1 at 2016-06-22 21:02:32 -0700


Started GET "/assets/application.js?body=1" for 127.0.0.1 at 2016-06-22 21:02:32 -0700


Started GET "/assets/jquery_ujs.js?body=1" for 127.0.0.1 at 2016-06-22 21:02:32 -0700


Started GET "/assets/jquery.js?body=1" for 127.0.0.1 at 2016-06-22 21:02:32 -0700


Started GET "/assets/application.css?body=1" for 127.0.0.1 at 2016-06-22 21:02:32 -0700
